#
# There is insufficient memory for the Java Runtime Environment to continue.
# Native memory allocation (malloc) failed to allocate 32744 bytes. Error detail: Chunk::new
# Possible reasons:
#   The system is out of physical RAM or swap space
#   This process is running with CompressedOops enabled, and the Java Heap may be blocking the growth of the native heap
# Possible solutions:
#   Reduce memory load on the system
#   Increase physical memory or swap space
#   Check if swap backing store is full
#   Decrease Java heap size (-Xmx/-Xms)
#   Decrease number of Java threads
#   Decrease Java thread stack sizes (-Xss)
#   Set larger code cache with -XX:ReservedCodeCacheSize=
#   JVM is running with Unscaled Compressed Oops mode in which the Java heap is
#     placed in the first 4GB address space. The Java Heap base address is the
#     maximum limit for the native heap growth. Please use -XX:HeapBaseMinAddress
#     to set the Java Heap base and to place the Java Heap above 4GB virtual address.
# This output file may be truncated or incomplete.
#
#  Out of Memory Error (arena.cpp:168), pid=14136, tid=11056
#
# JRE version: OpenJDK Runtime Environment Temurin-21.0.6+7 (21.0.6+7) (build 21.0.6+7-LTS)
# Java VM: OpenJDK 64-Bit Server VM Temurin-21.0.6+7 (21.0.6+7-LTS, mixed mode, sharing, tiered, compressed oops, compressed class ptrs, parallel gc, windows-amd64)
# No core dump will be written. Minidumps are not enabled by default on client versions of Windows
#

---------------  S U M M A R Y ------------

Command Line: --add-modules=ALL-SYSTEM --add-opens=java.base/java.util=ALL-UNNAMED --add-opens=java.base/java.lang=ALL-UNNAMED --add-opens=java.base/sun.nio.fs=ALL-UNNAMED -Declipse.application=org.eclipse.jdt.ls.core.id1 -Dosgi.bundles.defaultStartLevel=4 -Declipse.product=org.eclipse.jdt.ls.core.product -Djava.import.generatesMetadataFilesAtProjectRoot=false -DDetectVMInstallationsJob.disabled=true -Dfile.encoding=utf8 -XX:+UseParallelGC -XX:GCTimeRatio=4 -XX:AdaptiveSizePolicyWeight=90 -Dsun.zip.disableMemoryMapping=true -Xmx1G -Xms100m -Xlog:disable -javaagent:c:\Users\HP\.cursor\extensions\redhat.java-1.41.1-win32-x64\lombok\lombok-1.18.36.jar -XX:+HeapDumpOnOutOfMemoryError -XX:HeapDumpPath=c:\Users\HP\AppData\Roaming\Cursor\User\workspaceStorage\b591b0ea51a9c52b860f000e3e8fafac\redhat.java -Daether.dependencyCollector.impl=bf c:\Users\HP\.cursor\extensions\redhat.java-1.41.1-win32-x64\server\plugins\org.eclipse.equinox.launcher_1.7.0.v20250331-1702.jar -configuration c:\Users\HP\AppData\Roaming\Cursor\User\globalStorage\redhat.java\1.41.1\config_win -data c:\Users\HP\AppData\Roaming\Cursor\User\workspaceStorage\b591b0ea51a9c52b860f000e3e8fafac\redhat.java\jdt_ws --pipe=\\.\pipe\lsp-e5ced2a6b8b10e2b63f0f97f2162f582-sock

Host: Intel(R) Core(TM) i5-8350U CPU @ 1.70GHz, 8 cores, 7G,  Windows 11 , 64 bit Build 26100 (10.0.26100.3775)
Time: Sat May  3 12:39:32 2025 Pacific Standard Time elapsed time: 12.138074 seconds (0d 0h 0m 12s)

---------------  T H R E A D  ---------------

Current thread (0x00000165f02e2f90):  JavaThread "C1 CompilerThread0" daemon [_thread_in_native, id=11056, stack(0x0000005a81100000,0x0000005a81200000) (1024K)]


Current CompileTask:
C1:12138 2533   !   3       com.sun.org.apache.xerces.internal.impl.XMLDocumentFragmentScannerImpl$FragmentContentDriver::next (2331 bytes)

Stack: [0x0000005a81100000,0x0000005a81200000]
Native frames: (J=compiled Java code, j=interpreted, Vv=VM code, C=native code)
V  [jvm.dll+0x6cdee9]
V  [jvm.dll+0x8a83d1]
V  [jvm.dll+0x8aa8fe]
V  [jvm.dll+0x8aafe3]
V  [jvm.dll+0x27f706]
V  [jvm.dll+0xc500d]
V  [jvm.dll+0xc5543]
V  [jvm.dll+0x19413a]
V  [jvm.dll+0x199983]
V  [jvm.dll+0x19c6a5]
V  [jvm.dll+0x19cc67]
V  [jvm.dll+0x1955f1]
V  [jvm.dll+0x194ac5]
V  [jvm.dll+0x19d70b]
V  [jvm.dll+0x195d78]
V  [jvm.dll+0x198b42]
V  [jvm.dll+0x1537e3]
V  [jvm.dll+0x153028]
V  [jvm.dll+0x153274]
V  [jvm.dll+0x1526a6]
V  [jvm.dll+0x15447d]
V  [jvm.dll+0x25685a]
V  [jvm.dll+0x254dfa]
V  [jvm.dll+0x3f0256]
V  [jvm.dll+0x851f8b]
V  [jvm.dll+0x6cc5ed]
C  [ucrtbase.dll+0x37b0]
C  [KERNEL32.DLL+0x2e8d7]
C  [ntdll.dll+0xb14fc]


---------------  P R O C E S S  ---------------

Threads class SMR info:
_java_thread_list=0x00000165f71cd590, length=17, elements={
0x00000165dbefa220, 0x00000165f02abac0, 0x00000165f02b0eb0, 0x00000165f02b4d10,
0x00000165f02b7580, 0x00000165f02bd480, 0x00000165f02c3b00, 0x00000165f02c4540,
0x00000165f02e2f90, 0x00000165dbf69970, 0x00000165f62f0220, 0x00000165f6f9a8f0,
0x00000165f7173c30, 0x00000165f6df5880, 0x00000165f6df62b0, 0x00000165f6994d50,
0x00000165f757b0f0
}

Java Threads: ( => current thread )
  0x00000165dbefa220 JavaThread "main"                              [_thread_blocked, id=17016, stack(0x0000005a80600000,0x0000005a80700000) (1024K)]
  0x00000165f02abac0 JavaThread "Reference Handler"          daemon [_thread_blocked, id=4196, stack(0x0000005a80a00000,0x0000005a80b00000) (1024K)]
  0x00000165f02b0eb0 JavaThread "Finalizer"                  daemon [_thread_blocked, id=788, stack(0x0000005a80b00000,0x0000005a80c00000) (1024K)]
  0x00000165f02b4d10 JavaThread "Signal Dispatcher"          daemon [_thread_blocked, id=5808, stack(0x0000005a80c00000,0x0000005a80d00000) (1024K)]
  0x00000165f02b7580 JavaThread "Attach Listener"            daemon [_thread_blocked, id=13196, stack(0x0000005a80d00000,0x0000005a80e00000) (1024K)]
  0x00000165f02bd480 JavaThread "Service Thread"             daemon [_thread_blocked, id=5116, stack(0x0000005a80e00000,0x0000005a80f00000) (1024K)]
  0x00000165f02c3b00 JavaThread "Monitor Deflation Thread"   daemon [_thread_blocked, id=3780, stack(0x0000005a80f00000,0x0000005a81000000) (1024K)]
  0x00000165f02c4540 JavaThread "C2 CompilerThread0"         daemon [_thread_in_native, id=7872, stack(0x0000005a81000000,0x0000005a81100000) (1024K)]
=>0x00000165f02e2f90 JavaThread "C1 CompilerThread0"         daemon [_thread_in_native, id=11056, stack(0x0000005a81100000,0x0000005a81200000) (1024K)]
  0x00000165dbf69970 JavaThread "Common-Cleaner"             daemon [_thread_blocked, id=6296, stack(0x0000005a81200000,0x0000005a81300000) (1024K)]
  0x00000165f62f0220 JavaThread "Notification Thread"        daemon [_thread_blocked, id=11640, stack(0x0000005a81300000,0x0000005a81400000) (1024K)]
  0x00000165f6f9a8f0 JavaThread "Active Thread: Equinox Container: 3e09880e-2724-4914-91ab-c6a3766ca060"        [_thread_blocked, id=7504, stack(0x0000005a81b00000,0x0000005a81c00000) (1024K)]
  0x00000165f7173c30 JavaThread "Refresh Thread: Equinox Container: 3e09880e-2724-4914-91ab-c6a3766ca060" daemon [_thread_blocked, id=15104, stack(0x0000005a81c00000,0x0000005a81d00000) (1024K)]
  0x00000165f6df5880 JavaThread "Framework Event Dispatcher: Equinox Container: 3e09880e-2724-4914-91ab-c6a3766ca060" daemon [_thread_blocked, id=3672, stack(0x0000005a81e00000,0x0000005a81f00000) (1024K)]
  0x00000165f6df62b0 JavaThread "Start Level: Equinox Container: 3e09880e-2724-4914-91ab-c6a3766ca060" daemon [_thread_blocked, id=16376, stack(0x0000005a81f00000,0x0000005a82000000) (1024K)]
  0x00000165f6994d50 JavaThread "Bundle File Closer"         daemon [_thread_blocked, id=8776, stack(0x0000005a82100000,0x0000005a82200000) (1024K)]
  0x00000165f757b0f0 JavaThread "SCR Component Actor"        daemon [_thread_blocked, id=11124, stack(0x0000005a82000000,0x0000005a82100000) (1024K)]
Total: 17

Other Threads:
  0x00000165f02925f0 VMThread "VM Thread"                           [id=12552, stack(0x0000005a80900000,0x0000005a80a00000) (1024K)] _threads_hazard_ptr=0x00000165f71cd590
  0x00000165f01cca00 WatcherThread "VM Periodic Task Thread"        [id=17124, stack(0x0000005a80800000,0x0000005a80900000) (1024K)]
  0x00000165dbf197d0 WorkerThread "GC Thread#0"                     [id=12696, stack(0x0000005a80700000,0x0000005a80800000) (1024K)]
  0x00000165f63fe690 WorkerThread "GC Thread#1"                     [id=13164, stack(0x0000005a81400000,0x0000005a81500000) (1024K)]
  0x00000165f6284ad0 WorkerThread "GC Thread#2"                     [id=13552, stack(0x0000005a81500000,0x0000005a81600000) (1024K)]
  0x00000165f6ca0be0 WorkerThread "GC Thread#3"                     [id=1080, stack(0x0000005a81600000,0x0000005a81700000) (1024K)]
  0x00000165f6ca1390 WorkerThread "GC Thread#4"                     [id=3648, stack(0x0000005a81700000,0x0000005a81800000) (1024K)]
  0x00000165f6ca1730 WorkerThread "GC Thread#5"                     [id=14328, stack(0x0000005a81800000,0x0000005a81900000) (1024K)]
  0x00000165f6442040 WorkerThread "GC Thread#6"                     [id=8348, stack(0x0000005a81900000,0x0000005a81a00000) (1024K)]
  0x00000165f6dca9b0 WorkerThread "GC Thread#7"                     [id=8336, stack(0x0000005a81d00000,0x0000005a81e00000) (1024K)]
Total: 10

Threads with active compile tasks:
C2 CompilerThread0  13883 2559   !   4       java.io.BufferedInputStream::read (69 bytes)
C1 CompilerThread0  13884 2533   !   3       com.sun.org.apache.xerces.internal.impl.XMLDocumentFragmentScannerImpl$FragmentContentDriver::next (2331 bytes)
Total: 2

VM state: synchronizing (normal execution)

VM Mutex/Monitor currently owned by a thread:  ([mutex/lock_event])
[0x00007fffc12de380] Threads_lock - owner thread: 0x00000165f02925f0

Heap address: 0x00000000c0000000, size: 1024 MB, Compressed Oops mode: 32-bit

CDS archive(s) mapped at: [0x0000016580000000-0x0000016580ba0000-0x0000016580ba0000), size 12189696, SharedBaseAddress: 0x0000016580000000, ArchiveRelocationMode: 1.
Compressed class space mapped at: 0x0000016581000000-0x00000165c1000000, reserved size: 1073741824
Narrow klass base: 0x0000016580000000, Narrow klass shift: 0, Narrow klass range: 0x100000000

GC Precious Log:
 CardTable entry size: 512
 CPUs: 8 total, 8 available
 Memory: 8035M
 Large Page Support: Disabled
 NUMA Support: Disabled
 Compressed Oops: Enabled (32-bit)
 Alignments: Space 512K, Generation 512K, Heap 2M
 Heap Min Capacity: 100M
 Heap Initial Capacity: 100M
 Heap Max Capacity: 1G
 Pre-touch: Disabled
 Parallel Workers: 8

Heap:
 PSYoungGen      total 29696K, used 26138K [0x00000000eab00000, 0x00000000ecc00000, 0x0000000100000000)
  eden space 25600K, 86% used [0x00000000eab00000,0x00000000ec08e120,0x00000000ec400000)
  from space 4096K, 99% used [0x00000000ec400000,0x00000000ec7f87a8,0x00000000ec800000)
  to   space 4096K, 0% used [0x00000000ec800000,0x00000000ec800000,0x00000000ecc00000)
 ParOldGen       total 68608K, used 5630K [0x00000000c0000000, 0x00000000c4300000, 0x00000000eab00000)
  object space 68608K, 8% used [0x00000000c0000000,0x00000000c057f818,0x00000000c4300000)
 Metaspace       used 11955K, committed 12352K, reserved 1114112K
  class space    used 1197K, committed 1344K, reserved 1048576K

Card table byte_map: [0x00000165db8a0000,0x00000165dbab0000] _byte_map_base: 0x00000165db2a0000

Marking Bits: (ParMarkBitMap*) 0x00007fffc12e3260
 Begin Bits: [0x00000165ee0f0000, 0x00000165ef0f0000)
 End Bits:   [0x00000165ef0f0000, 0x00000165f00f0000)

Polling page: 0x00000165d9d80000

Metaspace:

Usage:
  Non-class:     10.51 MB used.
      Class:      1.17 MB used.
       Both:     11.67 MB used.

Virtual space:
  Non-class space:       64.00 MB reserved,      10.75 MB ( 17%) committed,  1 nodes.
      Class space:        1.00 GB reserved,       1.31 MB ( <1%) committed,  1 nodes.
             Both:        1.06 GB reserved,      12.06 MB (  1%) committed. 

Chunk freelists:
   Non-Class:  4.42 MB
       Class:  14.64 MB
        Both:  19.06 MB

MaxMetaspaceSize: unlimited
CompressedClassSpaceSize: 1.00 GB
Initial GC threshold: 21.00 MB
Current GC threshold: 21.00 MB
CDS: on
 - commit_granule_bytes: 65536.
 - commit_granule_words: 8192.
 - virtual_space_node_default_size: 8388608.
 - enlarge_chunks_in_place: 1.
 - use_allocation_guard: 0.


Internal statistics:

num_allocs_failed_limit: 0.
num_arena_births: 274.
num_arena_deaths: 0.
num_vsnodes_births: 2.
num_vsnodes_deaths: 0.
num_space_committed: 193.
num_space_uncommitted: 0.
num_chunks_returned_to_freelist: 0.
num_chunks_taken_from_freelist: 599.
num_chunk_merges: 0.
num_chunk_splits: 393.
num_chunks_enlarged: 269.
num_inconsistent_stats: 0.

CodeHeap 'non-profiled nmethods': size=120000Kb used=1181Kb max_used=1181Kb free=118818Kb
 bounds [0x00000165e6bc0000, 0x00000165e6e30000, 0x00000165ee0f0000]
CodeHeap 'profiled nmethods': size=120000Kb used=4942Kb max_used=4942Kb free=115057Kb
 bounds [0x00000165df0f0000, 0x00000165df5d0000, 0x00000165e6620000]
CodeHeap 'non-nmethods': size=5760Kb used=1241Kb max_used=1278Kb free=4519Kb
 bounds [0x00000165e6620000, 0x00000165e6890000, 0x00000165e6bc0000]
 total_blobs=3041 nmethods=2536 adapters=411
 compilation: enabled
              stopped_count=0, restarted_count=0
 full_count=0

Compilation events (20 events):
Event: 9.107 Thread 0x00000165f02e2f90 2521       3       com.sun.org.apache.xerces.internal.impl.XMLDocumentScannerImpl::next (10 bytes)
Event: 9.107 Thread 0x00000165f02e2f90 nmethod 2521 0x00000165df5be110 code [0x00000165df5be2c0, 0x00000165df5be4a0]
Event: 9.107 Thread 0x00000165f02e2f90 2523       3       com.sun.org.apache.xerces.internal.utils.XMLLimitAnalyzer::addValue (11 bytes)
Event: 9.107 Thread 0x00000165f02e2f90 nmethod 2523 0x00000165df5be590 code [0x00000165df5be740, 0x00000165df5be898]
Event: 9.107 Thread 0x00000165f02e2f90 2525       3       com.sun.org.apache.xerces.internal.util.XMLAttributesImpl::getName (14 bytes)
Event: 9.107 Thread 0x00000165f02e2f90 nmethod 2525 0x00000165df5be990 code [0x00000165df5beb40, 0x00000165df5bed60]
Event: 9.107 Thread 0x00000165f02e2f90 2517   !   3       org.eclipse.osgi.storage.BundleInfo$Generation::getManifestLocalization (59 bytes)
Event: 9.107 Thread 0x00000165f02e2f90 nmethod 2517 0x00000165df5bef10 code [0x00000165df5bf140, 0x00000165df5bf8e0]
Event: 9.107 Thread 0x00000165f02e2f90 2527       3       com.sun.org.apache.xerces.internal.impl.XMLEntityScanner::scanQName (580 bytes)
Event: 9.108 Thread 0x00000165f02e2f90 nmethod 2527 0x00000165df5bfd90 code [0x00000165df5c0120, 0x00000165df5c1510]
Event: 9.108 Thread 0x00000165f02e2f90 2529       3       com.sun.org.apache.xerces.internal.util.NamespaceSupport::getURI (38 bytes)
Event: 9.109 Thread 0x00000165f02e2f90 nmethod 2529 0x00000165df5c1e90 code [0x00000165df5c2040, 0x00000165df5c22a8]
Event: 9.109 Thread 0x00000165f02e2f90 2531       3       com.sun.org.apache.xerces.internal.xni.XMLString::setValues (16 bytes)
Event: 9.109 Thread 0x00000165f02e2f90 nmethod 2531 0x00000165df5c2410 code [0x00000165df5c25a0, 0x00000165df5c26d0]
Event: 9.109 Thread 0x00000165f02e2f90 2530       3       com.sun.org.apache.xerces.internal.impl.XMLDocumentFragmentScannerImpl::seekCloseOfStartTag (138 bytes)
Event: 9.109 Thread 0x00000165f02c4540 2537       4       com.sun.org.apache.xerces.internal.impl.XMLEntityScanner::checkEntityLimit (50 bytes)
Event: 9.109 Thread 0x00000165f02e2f90 nmethod 2530 0x00000165df5c2790 code [0x00000165df5c2a20, 0x00000165df5c36d0]
Event: 9.109 Thread 0x00000165f02e2f90 2533   !   3       com.sun.org.apache.xerces.internal.impl.XMLDocumentFragmentScannerImpl$FragmentContentDriver::next (2331 bytes)
Event: 9.110 Thread 0x00000165f02c4540 nmethod 2537 0x00000165e6ce4490 code [0x00000165e6ce4620, 0x00000165e6ce46f8]
Event: 9.112 Thread 0x00000165f02c4540 2541   !   4       java.io.BufferedInputStream::read (54 bytes)

GC Heap History (6 events):
Event: 2.114 GC heap before
{Heap before GC invocations=1 (full 0):
 PSYoungGen      total 29696K, used 25600K [0x00000000eab00000, 0x00000000ecc00000, 0x0000000100000000)
  eden space 25600K, 100% used [0x00000000eab00000,0x00000000ec400000,0x00000000ec400000)
  from space 4096K, 0% used [0x00000000ec800000,0x00000000ec800000,0x00000000ecc00000)
  to   space 4096K, 0% used [0x00000000ec400000,0x00000000ec400000,0x00000000ec800000)
 ParOldGen       total 68608K, used 0K [0x00000000c0000000, 0x00000000c4300000, 0x00000000eab00000)
  object space 68608K, 0% used [0x00000000c0000000,0x00000000c0000000,0x00000000c4300000)
 Metaspace       used 4327K, committed 4480K, reserved 1114112K
  class space    used 437K, committed 512K, reserved 1048576K
}
Event: 2.127 GC heap after
{Heap after GC invocations=1 (full 0):
 PSYoungGen      total 29696K, used 3205K [0x00000000eab00000, 0x00000000ecc00000, 0x0000000100000000)
  eden space 25600K, 0% used [0x00000000eab00000,0x00000000eab00000,0x00000000ec400000)
  from space 4096K, 78% used [0x00000000ec400000,0x00000000ec7217f0,0x00000000ec800000)
  to   space 4096K, 0% used [0x00000000ec800000,0x00000000ec800000,0x00000000ecc00000)
 ParOldGen       total 68608K, used 16K [0x00000000c0000000, 0x00000000c4300000, 0x00000000eab00000)
  object space 68608K, 0% used [0x00000000c0000000,0x00000000c0004000,0x00000000c4300000)
 Metaspace       used 4327K, committed 4480K, reserved 1114112K
  class space    used 437K, committed 512K, reserved 1048576K
}
Event: 3.636 GC heap before
{Heap before GC invocations=2 (full 0):
 PSYoungGen      total 29696K, used 28805K [0x00000000eab00000, 0x00000000ecc00000, 0x0000000100000000)
  eden space 25600K, 100% used [0x00000000eab00000,0x00000000ec400000,0x00000000ec400000)
  from space 4096K, 78% used [0x00000000ec400000,0x00000000ec7217f0,0x00000000ec800000)
  to   space 4096K, 0% used [0x00000000ec800000,0x00000000ec800000,0x00000000ecc00000)
 ParOldGen       total 68608K, used 16K [0x00000000c0000000, 0x00000000c4300000, 0x00000000eab00000)
  object space 68608K, 0% used [0x00000000c0000000,0x00000000c0004000,0x00000000c4300000)
 Metaspace       used 7863K, committed 8192K, reserved 1114112K
  class space    used 766K, committed 960K, reserved 1048576K
}
Event: 3.646 GC heap after
{Heap after GC invocations=2 (full 0):
 PSYoungGen      total 29696K, used 4084K [0x00000000eab00000, 0x00000000ecc00000, 0x0000000100000000)
  eden space 25600K, 0% used [0x00000000eab00000,0x00000000eab00000,0x00000000ec400000)
  from space 4096K, 99% used [0x00000000ec800000,0x00000000ecbfd168,0x00000000ecc00000)
  to   space 4096K, 0% used [0x00000000ec400000,0x00000000ec400000,0x00000000ec800000)
 ParOldGen       total 68608K, used 1708K [0x00000000c0000000, 0x00000000c4300000, 0x00000000eab00000)
  object space 68608K, 2% used [0x00000000c0000000,0x00000000c01ab208,0x00000000c4300000)
 Metaspace       used 7863K, committed 8192K, reserved 1114112K
  class space    used 766K, committed 960K, reserved 1048576K
}
Event: 4.521 GC heap before
{Heap before GC invocations=3 (full 0):
 PSYoungGen      total 29696K, used 29684K [0x00000000eab00000, 0x00000000ecc00000, 0x0000000100000000)
  eden space 25600K, 100% used [0x00000000eab00000,0x00000000ec400000,0x00000000ec400000)
  from space 4096K, 99% used [0x00000000ec800000,0x00000000ecbfd168,0x00000000ecc00000)
  to   space 4096K, 0% used [0x00000000ec400000,0x00000000ec400000,0x00000000ec800000)
 ParOldGen       total 68608K, used 1708K [0x00000000c0000000, 0x00000000c4300000, 0x00000000eab00000)
  object space 68608K, 2% used [0x00000000c0000000,0x00000000c01ab208,0x00000000c4300000)
 Metaspace       used 9128K, committed 9472K, reserved 1114112K
  class space    used 914K, committed 1088K, reserved 1048576K
}
Event: 4.532 GC heap after
{Heap after GC invocations=3 (full 0):
 PSYoungGen      total 29696K, used 4065K [0x00000000eab00000, 0x00000000ecc00000, 0x0000000100000000)
  eden space 25600K, 0% used [0x00000000eab00000,0x00000000eab00000,0x00000000ec400000)
  from space 4096K, 99% used [0x00000000ec400000,0x00000000ec7f87a8,0x00000000ec800000)
  to   space 4096K, 0% used [0x00000000ec800000,0x00000000ec800000,0x00000000ecc00000)
 ParOldGen       total 68608K, used 5630K [0x00000000c0000000, 0x00000000c4300000, 0x00000000eab00000)
  object space 68608K, 8% used [0x00000000c0000000,0x00000000c057f818,0x00000000c4300000)
 Metaspace       used 9128K, committed 9472K, reserved 1114112K
  class space    used 914K, committed 1088K, reserved 1048576K
}

Dll operation events (9 events):
Event: 0.025 Loaded shared library c:\Users\HP\.cursor\extensions\redhat.java-1.41.1-win32-x64\jre\21.0.6-win32-x86_64\bin\java.dll
Event: 0.333 Loaded shared library c:\Users\HP\.cursor\extensions\redhat.java-1.41.1-win32-x64\jre\21.0.6-win32-x86_64\bin\zip.dll
Event: 0.464 Loaded shared library C:\Users\HP\.cursor\extensions\redhat.java-1.41.1-win32-x64\jre\21.0.6-win32-x86_64\bin\instrument.dll
Event: 0.478 Loaded shared library C:\Users\HP\.cursor\extensions\redhat.java-1.41.1-win32-x64\jre\21.0.6-win32-x86_64\bin\net.dll
Event: 0.497 Loaded shared library C:\Users\HP\.cursor\extensions\redhat.java-1.41.1-win32-x64\jre\21.0.6-win32-x86_64\bin\nio.dll
Event: 0.514 Loaded shared library C:\Users\HP\.cursor\extensions\redhat.java-1.41.1-win32-x64\jre\21.0.6-win32-x86_64\bin\zip.dll
Event: 0.583 Loaded shared library C:\Users\HP\.cursor\extensions\redhat.java-1.41.1-win32-x64\jre\21.0.6-win32-x86_64\bin\jimage.dll
Event: 0.826 Loaded shared library c:\Users\HP\.cursor\extensions\redhat.java-1.41.1-win32-x64\jre\21.0.6-win32-x86_64\bin\verify.dll
Event: 3.634 Loaded shared library C:\Users\HP\AppData\Roaming\Cursor\User\globalStorage\redhat.java\1.41.1\config_win\org.eclipse.equinox.launcher\org.eclipse.equinox.launcher.win32.win32.x86_64_1.2.1300.v20250331-1702\eclipse_11911.dll

Deoptimization events (20 events):
Event: 6.964 Thread 0x00000165f6df62b0 Uncommon trap: trap_request=0xffffff45 fr.pc=0x00000165e6c80688 relative=0x0000000000001508
Event: 6.964 Thread 0x00000165f6df62b0 Uncommon trap: reason=unstable_if action=reinterpret pc=0x00000165e6c80688 method=java.io.WinNTFileSystem.normalize(Ljava/lang/String;II)Ljava/lang/String; @ 100 c2
Event: 6.964 Thread 0x00000165f6df62b0 DEOPT PACKING pc=0x00000165e6c80688 sp=0x0000005a81ff8b90
Event: 6.964 Thread 0x00000165f6df62b0 DEOPT UNPACKING pc=0x00000165e6673aa2 sp=0x0000005a81ff8ad0 mode 2
Event: 6.964 Thread 0x00000165f6df62b0 Uncommon trap: trap_request=0xffffff45 fr.pc=0x00000165e6c85874 relative=0x00000000000013b4
Event: 6.964 Thread 0x00000165f6df62b0 Uncommon trap: reason=unstable_if action=reinterpret pc=0x00000165e6c85874 method=java.io.WinNTFileSystem.normalize(Ljava/lang/String;II)Ljava/lang/String; @ 100 c2
Event: 6.964 Thread 0x00000165f6df62b0 DEOPT PACKING pc=0x00000165e6c85874 sp=0x0000005a81ff8ac0
Event: 6.964 Thread 0x00000165f6df62b0 DEOPT UNPACKING pc=0x00000165e6673aa2 sp=0x0000005a81ff8ac8 mode 2
Event: 9.049 Thread 0x00000165f6df62b0 Uncommon trap: trap_request=0xffffff45 fr.pc=0x00000165e6cbc1b0 relative=0x0000000000001210
Event: 9.049 Thread 0x00000165f6df62b0 Uncommon trap: reason=unstable_if action=reinterpret pc=0x00000165e6cbc1b0 method=java.util.Properties.loadConvert([CIILjava/lang/StringBuilder;)Ljava/lang/String; @ 491 c2
Event: 9.049 Thread 0x00000165f6df62b0 DEOPT PACKING pc=0x00000165e6cbc1b0 sp=0x0000005a81ff7010
Event: 9.049 Thread 0x00000165f6df62b0 DEOPT UNPACKING pc=0x00000165e6673aa2 sp=0x0000005a81ff7000 mode 2
Event: 9.058 Thread 0x00000165f6df62b0 Uncommon trap: trap_request=0xffffffde fr.pc=0x00000165e6c378ec relative=0x000000000000062c
Event: 9.058 Thread 0x00000165f6df62b0 Uncommon trap: reason=class_check action=maybe_recompile pc=0x00000165e6c378ec method=java.io.BufferedInputStream.implRead([BII)I @ 100 c2
Event: 9.058 Thread 0x00000165f6df62b0 DEOPT PACKING pc=0x00000165e6c378ec sp=0x0000005a81ff7fc0
Event: 9.058 Thread 0x00000165f6df62b0 DEOPT UNPACKING pc=0x00000165e6673aa2 sp=0x0000005a81ff7f98 mode 2
Event: 9.059 Thread 0x00000165f6df62b0 Uncommon trap: trap_request=0xffffff45 fr.pc=0x00000165e6c378bc relative=0x00000000000005fc
Event: 9.059 Thread 0x00000165f6df62b0 Uncommon trap: reason=unstable_if action=reinterpret pc=0x00000165e6c378bc method=java.io.BufferedInputStream.implRead([BII)I @ 55 c2
Event: 9.059 Thread 0x00000165f6df62b0 DEOPT PACKING pc=0x00000165e6c378bc sp=0x0000005a81ff7fc0
Event: 9.059 Thread 0x00000165f6df62b0 DEOPT UNPACKING pc=0x00000165e6673aa2 sp=0x0000005a81ff7f98 mode 2

Classes loaded (20 events):
Event: 4.825 Loading class java/io/CharConversionException done
Event: 4.825 Loading class com/sun/org/apache/xerces/internal/impl/io/MalformedByteSequenceException done
Event: 4.842 Loading class java/util/concurrent/CompletionStage
Event: 4.843 Loading class java/util/concurrent/CompletionStage done
Event: 4.847 Loading class java/util/Timer
Event: 4.847 Loading class java/util/Timer done
Event: 4.847 Loading class java/util/TaskQueue
Event: 4.847 Loading class java/util/TaskQueue done
Event: 4.847 Loading class java/util/TimerThread
Event: 4.847 Loading class java/util/TimerThread done
Event: 4.847 Loading class java/util/Timer$ThreadReaper
Event: 4.847 Loading class java/util/Timer$ThreadReaper done
Event: 4.881 Loading class java/util/concurrent/locks/ReentrantLock$FairSync
Event: 4.882 Loading class java/util/concurrent/locks/ReentrantLock$FairSync done
Event: 9.045 Loading class java/lang/IllegalCallerException
Event: 9.045 Loading class java/lang/IllegalCallerException done
Event: 9.051 Loading class java/lang/invoke/DirectMethodHandle$1
Event: 9.052 Loading class java/lang/invoke/DirectMethodHandle$1 done
Event: 9.055 Loading class org/xml/sax/SAXParseException
Event: 9.055 Loading class org/xml/sax/SAXParseException done

Classes unloaded (0 events):
No events

Classes redefined (0 events):
No events

Internal exceptions (20 events):
Event: 2.229 Thread 0x00000165dbefa220 Exception <a 'java/lang/NoSuchMethodError'{0x00000000ead92d40}: 'long java.lang.invoke.DirectMethodHandle$Holder.invokeStatic(java.lang.Object, java.lang.Object, int)'> (0x00000000ead92d40) 
thrown [s\src\hotspot\share\interpreter\linkResolver.cpp, line 773]
Event: 2.231 Thread 0x00000165dbefa220 Exception <a 'java/lang/NoSuchMethodError'{0x00000000ead9a848}: 'java.lang.Object java.lang.invoke.DirectMethodHandle$Holder.invokeSpecial(java.lang.Object, java.lang.Object, java.lang.Object, java.lang.Object, long)'> (0x00000000ead9a848) 
thrown [s\src\hotspot\share\interpreter\linkResolver.cpp, line 773]
Event: 2.234 Thread 0x00000165dbefa220 Exception <a 'java/lang/NoSuchMethodError'{0x00000000eada84c8}: 'java.lang.Object java.lang.invoke.DirectMethodHandle$Holder.invokeSpecial(java.lang.Object, java.lang.Object, java.lang.Object, int, java.lang.Object)'> (0x00000000eada84c8) 
thrown [s\src\hotspot\share\interpreter\linkResolver.cpp, line 773]
Event: 2.239 Thread 0x00000165dbefa220 Exception <a 'java/lang/NoSuchMethodError'{0x00000000eadbfe70}: 'java.lang.Object java.lang.invoke.Invokers$Holder.invokeExact_MT(java.lang.Object, java.lang.Object, java.lang.Object, java.lang.Object, java.lang.Object, java.lang.Object)'> (0x00000000eadbfe70) 
thrown [s\src\hotspot\share\interpreter\linkResolver.cpp, line 773]
Event: 2.245 Thread 0x00000165dbefa220 Exception <a 'java/lang/NoSuchMethodError'{0x00000000eadd9720}: 'int java.lang.invoke.DirectMethodHandle$Holder.invokeStaticInit(java.lang.Object, java.lang.Object, java.lang.Object, java.lang.Object)'> (0x00000000eadd9720) 
thrown [s\src\hotspot\share\interpreter\linkResolver.cpp, line 773]
Event: 2.247 Thread 0x00000165dbefa220 Exception <a 'java/lang/NoSuchMethodError'{0x00000000eade1ed8}: 'java.lang.Object java.lang.invoke.DirectMethodHandle$Holder.invokeInterface(java.lang.Object, java.lang.Object)'> (0x00000000eade1ed8) 
thrown [s\src\hotspot\share\interpreter\linkResolver.cpp, line 773]
Event: 2.250 Thread 0x00000165dbefa220 Exception <a 'java/lang/IncompatibleClassChangeError'{0x00000000eade5410}: Found class java.lang.Object, but interface was expected> (0x00000000eade5410) 
thrown [s\src\hotspot\share\interpreter\linkResolver.cpp, line 840]
Event: 2.253 Thread 0x00000165dbefa220 Exception <a 'java/lang/NoSuchMethodError'{0x00000000eade95c8}: 'void java.lang.invoke.DirectMethodHandle$Holder.invokeStatic(java.lang.Object, java.lang.Object)'> (0x00000000eade95c8) 
thrown [s\src\hotspot\share\interpreter\linkResolver.cpp, line 773]
Event: 2.253 Thread 0x00000165dbefa220 Exception <a 'java/lang/NoSuchMethodError'{0x00000000eadec970}: 'void java.lang.invoke.DirectMethodHandle$Holder.invokeStaticInit(java.lang.Object, java.lang.Object)'> (0x00000000eadec970) 
thrown [s\src\hotspot\share\interpreter\linkResolver.cpp, line 773]
Event: 2.255 Thread 0x00000165dbefa220 Exception <a 'java/lang/NoSuchMethodError'{0x00000000eadf3990}: 'int java.lang.invoke.DirectMethodHandle$Holder.invokeStaticInit(java.lang.Object, java.lang.Object)'> (0x00000000eadf3990) 
thrown [s\src\hotspot\share\interpreter\linkResolver.cpp, line 773]
Event: 2.409 Thread 0x00000165dbefa220 Exception <a 'java/lang/NoSuchMethodError'{0x00000000eaf573e8}: 'void java.lang.invoke.DirectMethodHandle$Holder.invokeSpecial(java.lang.Object, java.lang.Object, java.lang.Object)'> (0x00000000eaf573e8) 
thrown [s\src\hotspot\share\interpreter\linkResolver.cpp, line 773]
Event: 3.174 Thread 0x00000165dbefa220 Exception <a 'java/lang/NoSuchMethodError'{0x00000000eb9664f0}: 'int java.lang.invoke.DirectMethodHandle$Holder.invokeVirtual(java.lang.Object, java.lang.Object)'> (0x00000000eb9664f0) 
thrown [s\src\hotspot\share\interpreter\linkResolver.cpp, line 773]
Event: 3.321 Thread 0x00000165dbefa220 Exception <a 'java/lang/NoSuchMethodError'{0x00000000ebccffa0}: 'java.lang.Object java.lang.invoke.DirectMethodHandle$Holder.newInvokeSpecial(java.lang.Object, int, java.lang.Object)'> (0x00000000ebccffa0) 
thrown [s\src\hotspot\share\interpreter\linkResolver.cpp, line 773]
Event: 3.368 Thread 0x00000165dbefa220 Exception <a 'java/lang/NoSuchMethodError'{0x00000000ebe7db20}: 'java.lang.Object java.lang.invoke.DirectMethodHandle$Holder.newInvokeSpecial(java.lang.Object, java.lang.Object, java.lang.Object, java.lang.Object, int, java.lang.Object)'> (0x00000000ebe7db20) 
thrown [s\src\hotspot\share\interpreter\linkResolver.cpp, line 773]
Event: 3.625 Thread 0x00000165dbefa220 Exception <a 'java/lang/UnsatisfiedLinkError'{0x00000000ec32de08}: 'void org.eclipse.equinox.launcher.JNIBridge._update_splash()'> (0x00000000ec32de08) 
thrown [s\src\hotspot\share\prims\nativeLookup.cpp, line 415]
Event: 3.788 Thread 0x00000165f6df62b0 Exception <a 'java/lang/NoSuchMethodError'{0x00000000eb0de458}: 'java.lang.Object java.lang.invoke.DirectMethodHandle$Holder.newInvokeSpecial(java.lang.Object, java.lang.Object, int, java.lang.Object)'> (0x00000000eb0de458) 
thrown [s\src\hotspot\share\interpreter\linkResolver.cpp, line 773]
Event: 3.828 Thread 0x00000165f6df62b0 Exception <a 'java/lang/ClassNotFoundException'{0x00000000eb2515b8}: sun/util/logging/resources/spi/loggingProvider> (0x00000000eb2515b8) 
thrown [s\src\hotspot\share\classfile\systemDictionary.cpp, line 312]
Event: 4.747 Thread 0x00000165f6df62b0 Exception <a 'java/lang/NullPointerException'{0x00000000eb319500}> (0x00000000eb319500) 
thrown [s\src\hotspot\share\interpreter\linkResolver.cpp, line 1372]
Event: 4.747 Thread 0x00000165f6df62b0 Exception <a 'java/lang/NullPointerException'{0x00000000eb3197e0}> (0x00000000eb3197e0) 
thrown [s\src\hotspot\share\interpreter\linkResolver.cpp, line 1372]
Event: 9.040 Thread 0x00000165f6df62b0 Exception <a 'java/lang/NoSuchMethodError'{0x00000000ebcde010}: 'void java.lang.invoke.Invokers$Holder.invokeExact_MT(java.lang.Object, java.lang.Object, java.lang.Object)'> (0x00000000ebcde010) 
thrown [s\src\hotspot\share\interpreter\linkResolver.cpp, line 773]

ZGC Phase Switch (0 events):
No events

VM Operations (20 events):
Event: 3.861 Executing VM operation: HandshakeAllThreads (Deoptimize)
Event: 3.862 Executing VM operation: HandshakeAllThreads (Deoptimize) done
Event: 3.882 Executing VM operation: HandshakeAllThreads (Deoptimize)
Event: 3.882 Executing VM operation: HandshakeAllThreads (Deoptimize) done
Event: 4.521 Executing VM operation: ParallelGCFailedAllocation (Allocation Failure)
Event: 4.532 Executing VM operation: ParallelGCFailedAllocation (Allocation Failure) done
Event: 4.742 Executing VM operation: HandshakeAllThreads (Deoptimize)
Event: 4.742 Executing VM operation: HandshakeAllThreads (Deoptimize) done
Event: 4.883 Executing VM operation: HandshakeAllThreads (Deoptimize)
Event: 4.883 Executing VM operation: HandshakeAllThreads (Deoptimize) done
Event: 5.885 Executing VM operation: Cleanup
Event: 5.901 Executing VM operation: Cleanup done
Event: 6.903 Executing VM operation: Cleanup
Event: 6.951 Executing VM operation: Cleanup done
Event: 7.956 Executing VM operation: Cleanup
Event: 7.956 Executing VM operation: Cleanup done
Event: 8.963 Executing VM operation: Cleanup
Event: 9.010 Executing VM operation: Cleanup done
Event: 10.025 Executing VM operation: Cleanup
Event: 10.120 Executing VM operation: Cleanup done

Memory protections (0 events):
No events

Nmethod flushes (0 events):
No events

Events (20 events):
Event: 0.270 Thread 0x00000165dbefa220 Thread added: 0x00000165dbf69970
Event: 0.999 Thread 0x00000165dbefa220 Thread added: 0x00000165f62f0220
Event: 1.005 Thread 0x00000165f02e2f90 Thread added: 0x00000165f6286670
Event: 1.261 Thread 0x00000165f02e2f90 Thread added: 0x00000165f6284b20
Event: 1.928 Thread 0x00000165f6284b20 Thread exited: 0x00000165f6284b20
Event: 1.944 Thread 0x00000165f6286670 Thread exited: 0x00000165f6286670
Event: 2.546 Thread 0x00000165f02e2f90 Thread added: 0x00000165f6d17540
Event: 2.552 Thread 0x00000165f02c4540 Thread added: 0x00000165f69e87f0
Event: 2.836 Thread 0x00000165f69e87f0 Thread exited: 0x00000165f69e87f0
Event: 3.256 Thread 0x00000165dbefa220 Thread added: 0x00000165f6f9a8f0
Event: 3.620 Thread 0x00000165dbefa220 Thread added: 0x00000165f7173c30
Event: 3.683 Thread 0x00000165f7173c30 Thread added: 0x00000165f6df5880
Event: 3.688 Thread 0x00000165dbefa220 Thread added: 0x00000165f6df62b0
Event: 3.900 Thread 0x00000165f02e2f90 Thread added: 0x00000165f6c55720
Event: 4.281 Thread 0x00000165f6df62b0 Thread added: 0x00000165f6994d50
Event: 4.355 Thread 0x00000165f6c55720 Thread exited: 0x00000165f6c55720
Event: 4.707 Thread 0x00000165f6df62b0 Thread added: 0x00000165f757b0f0
Event: 4.848 Thread 0x00000165f6df62b0 Thread added: 0x00000165f71bba30
Event: 4.889 Thread 0x00000165f6d17540 Thread exited: 0x00000165f6d17540
Event: 12.132 Thread 0x00000165f71bba30 Thread exited: 0x00000165f71bba30


Dynamic libraries:
0x00007ff6f36d0000 - 0x00007ff6f36de000 	c:\Users\HP\.cursor\extensions\redhat.java-1.41.1-win32-x64\jre\21.0.6-win32-x86_64\bin\java.exe
0x00007ff827f80000 - 0x00007ff8281e0000 	C:\WINDOWS\SYSTEM32\ntdll.dll
0x00007ff826c00000 - 0x00007ff826cc7000 	C:\WINDOWS\System32\KERNEL32.DLL
0x00007ff825160000 - 0x00007ff82552a000 	C:\WINDOWS\System32\KERNELBASE.dll
0x00007ff825c30000 - 0x00007ff825d7b000 	C:\WINDOWS\System32\ucrtbase.dll
0x00007ff814d30000 - 0x00007ff814d4e000 	c:\Users\HP\.cursor\extensions\redhat.java-1.41.1-win32-x64\jre\21.0.6-win32-x86_64\bin\VCRUNTIME140.dll
0x00007ff815440000 - 0x00007ff815458000 	c:\Users\HP\.cursor\extensions\redhat.java-1.41.1-win32-x64\jre\21.0.6-win32-x86_64\bin\jli.dll
0x00007ff827cf0000 - 0x00007ff827ebc000 	C:\WINDOWS\System32\USER32.dll
0x00007ff80f150000 - 0x00007ff80f3e7000 	C:\WINDOWS\WinSxS\amd64_microsoft.windows.common-controls_6595b64144ccf1df_6.0.26100.3624_none_3e086962e3345f24\COMCTL32.dll
0x00007ff825c00000 - 0x00007ff825c27000 	C:\WINDOWS\System32\win32u.dll
0x00007ff827160000 - 0x00007ff827209000 	C:\WINDOWS\System32\msvcrt.dll
0x00007ff826a90000 - 0x00007ff826aba000 	C:\WINDOWS\System32\GDI32.dll
0x00007ff825a30000 - 0x00007ff825b61000 	C:\WINDOWS\System32\gdi32full.dll
0x00007ff8255f0000 - 0x00007ff825693000 	C:\WINDOWS\System32\msvcp_win.dll
0x00007ff8266b0000 - 0x00007ff8266df000 	C:\WINDOWS\System32\IMM32.DLL
0x00007ff81bca0000 - 0x00007ff81bcac000 	c:\Users\HP\.cursor\extensions\redhat.java-1.41.1-win32-x64\jre\21.0.6-win32-x86_64\bin\vcruntime140_1.dll
0x00007ff809b80000 - 0x00007ff809c0d000 	c:\Users\HP\.cursor\extensions\redhat.java-1.41.1-win32-x64\jre\21.0.6-win32-x86_64\bin\msvcp140.dll
0x00007fffc0630000 - 0x00007fffc13c0000 	c:\Users\HP\.cursor\extensions\redhat.java-1.41.1-win32-x64\jre\21.0.6-win32-x86_64\bin\server\jvm.dll
0x00007ff826b40000 - 0x00007ff826bf2000 	C:\WINDOWS\System32\ADVAPI32.dll
0x00007ff826840000 - 0x00007ff8268e6000 	C:\WINDOWS\System32\sechost.dll
0x00007ff826710000 - 0x00007ff826826000 	C:\WINDOWS\System32\RPCRT4.dll
0x00007ff827ec0000 - 0x00007ff827f34000 	C:\WINDOWS\System32\WS2_32.dll
0x00007ff80f420000 - 0x00007ff80f456000 	C:\WINDOWS\SYSTEM32\WINMM.dll
0x00007ff819740000 - 0x00007ff81974b000 	C:\WINDOWS\SYSTEM32\VERSION.dll
0x00007ff823df0000 - 0x00007ff823e4e000 	C:\WINDOWS\SYSTEM32\POWRPROF.dll
0x00007ff823dd0000 - 0x00007ff823de4000 	C:\WINDOWS\SYSTEM32\UMPDC.dll
0x00007ff824090000 - 0x00007ff8240aa000 	C:\WINDOWS\SYSTEM32\kernel.appcore.dll
0x00007ff819820000 - 0x00007ff81982a000 	c:\Users\HP\.cursor\extensions\redhat.java-1.41.1-win32-x64\jre\21.0.6-win32-x86_64\bin\jimage.dll
0x00007ff822b30000 - 0x00007ff822d71000 	C:\WINDOWS\SYSTEM32\DBGHELP.DLL
0x00007ff827880000 - 0x00007ff827c02000 	C:\WINDOWS\System32\combase.dll
0x00007ff825d80000 - 0x00007ff825e56000 	C:\WINDOWS\System32\OLEAUT32.dll
0x00007ff80d2c0000 - 0x00007ff80d2f9000 	C:\WINDOWS\SYSTEM32\dbgcore.DLL
0x00007ff825810000 - 0x00007ff8258a9000 	C:\WINDOWS\System32\bcryptPrimitives.dll
0x00007ff819760000 - 0x00007ff81976f000 	c:\Users\HP\.cursor\extensions\redhat.java-1.41.1-win32-x64\jre\21.0.6-win32-x86_64\bin\instrument.dll
0x00007ff813bb0000 - 0x00007ff813bcf000 	c:\Users\HP\.cursor\extensions\redhat.java-1.41.1-win32-x64\jre\21.0.6-win32-x86_64\bin\java.dll
0x00007ff825e70000 - 0x00007ff826599000 	C:\WINDOWS\System32\SHELL32.dll
0x00007ff8256a0000 - 0x00007ff825808000 	C:\WINDOWS\System32\wintypes.dll
0x00007ff822e60000 - 0x00007ff8236b2000 	C:\WINDOWS\SYSTEM32\windows.storage.dll
0x00007ff827210000 - 0x00007ff8272fd000 	C:\WINDOWS\System32\SHCORE.dll
0x00007ff8274f0000 - 0x00007ff827554000 	C:\WINDOWS\System32\shlwapi.dll
0x00007ff825040000 - 0x00007ff82506f000 	C:\WINDOWS\SYSTEM32\profapi.dll
0x00007ff813870000 - 0x00007ff813888000 	c:\Users\HP\.cursor\extensions\redhat.java-1.41.1-win32-x64\jre\21.0.6-win32-x86_64\bin\zip.dll
0x00007ff8157e0000 - 0x00007ff8157f0000 	C:\Users\HP\.cursor\extensions\redhat.java-1.41.1-win32-x64\jre\21.0.6-win32-x86_64\bin\net.dll
0x00007ff814be0000 - 0x00007ff814cfd000 	C:\WINDOWS\SYSTEM32\WINHTTP.dll
0x00007ff8245b0000 - 0x00007ff82461a000 	C:\WINDOWS\system32\mswsock.dll
0x00007ff810ef0000 - 0x00007ff810f06000 	C:\Users\HP\.cursor\extensions\redhat.java-1.41.1-win32-x64\jre\21.0.6-win32-x86_64\bin\nio.dll
0x00007ff815330000 - 0x00007ff815340000 	c:\Users\HP\.cursor\extensions\redhat.java-1.41.1-win32-x64\jre\21.0.6-win32-x86_64\bin\verify.dll
0x00007ff8088a0000 - 0x00007ff8088e5000 	C:\Users\HP\AppData\Roaming\Cursor\User\globalStorage\redhat.java\1.41.1\config_win\org.eclipse.equinox.launcher\org.eclipse.equinox.launcher.win32.win32.x86_64_1.2.1300.v20250331-1702\eclipse_11911.dll
0x00007ff8268f0000 - 0x00007ff826a86000 	C:\WINDOWS\System32\ole32.dll

dbghelp: loaded successfully - version: 4.0.5 - missing functions: none
symbol engine: initialized successfully - sym options: 0x614 - pdb path: .;c:\Users\HP\.cursor\extensions\redhat.java-1.41.1-win32-x64\jre\21.0.6-win32-x86_64\bin;C:\WINDOWS\SYSTEM32;C:\WINDOWS\WinSxS\amd64_microsoft.windows.common-controls_6595b64144ccf1df_6.0.26100.3624_none_3e086962e3345f24;c:\Users\HP\.cursor\extensions\redhat.java-1.41.1-win32-x64\jre\21.0.6-win32-x86_64\bin\server;C:\Users\HP\AppData\Roaming\Cursor\User\globalStorage\redhat.java\1.41.1\config_win\org.eclipse.equinox.launcher\org.eclipse.equinox.launcher.win32.win32.x86_64_1.2.1300.v20250331-1702

VM Arguments:
jvm_args: --add-modules=ALL-SYSTEM --add-opens=java.base/java.util=ALL-UNNAMED --add-opens=java.base/java.lang=ALL-UNNAMED --add-opens=java.base/sun.nio.fs=ALL-UNNAMED -Declipse.application=org.eclipse.jdt.ls.core.id1 -Dosgi.bundles.defaultStartLevel=4 -Declipse.product=org.eclipse.jdt.ls.core.product -Djava.import.generatesMetadataFilesAtProjectRoot=false -DDetectVMInstallationsJob.disabled=true -Dfile.encoding=utf8 -XX:+UseParallelGC -XX:GCTimeRatio=4 -XX:AdaptiveSizePolicyWeight=90 -Dsun.zip.disableMemoryMapping=true -Xmx1G -Xms100m -Xlog:disable -javaagent:c:\Users\HP\.cursor\extensions\redhat.java-1.41.1-win32-x64\lombok\lombok-1.18.36.jar -XX:+HeapDumpOnOutOfMemoryError -XX:HeapDumpPath=c:\Users\HP\AppData\Roaming\Cursor\User\workspaceStorage\b591b0ea51a9c52b860f000e3e8fafac\redhat.java -Daether.dependencyCollector.impl=bf 
java_command: c:\Users\HP\.cursor\extensions\redhat.java-1.41.1-win32-x64\server\plugins\org.eclipse.equinox.launcher_1.7.0.v20250331-1702.jar -configuration c:\Users\HP\AppData\Roaming\Cursor\User\globalStorage\redhat.java\1.41.1\config_win -data c:\Users\HP\AppData\Roaming\Cursor\User\workspaceStorage\b591b0ea51a9c52b860f000e3e8fafac\redhat.java\jdt_ws --pipe=\\.\pipe\lsp-e5ced2a6b8b10e2b63f0f97f2162f582-sock
java_class_path (initial): c:\Users\HP\.cursor\extensions\redhat.java-1.41.1-win32-x64\server\plugins\org.eclipse.equinox.launcher_1.7.0.v20250331-1702.jar
Launcher Type: SUN_STANDARD

[Global flags]
    uintx AdaptiveSizePolicyWeight                 = 90                                        {product} {command line}
     intx CICompilerCount                          = 4                                         {product} {ergonomic}
    uintx GCTimeRatio                              = 4                                         {product} {command line}
     bool HeapDumpOnOutOfMemoryError               = true                                   {manageable} {command line}
    ccstr HeapDumpPath                             = c:\Users\HP\AppData\Roaming\Cursor\User\workspaceStorage\b591b0ea51a9c52b860f000e3e8fafac\redhat.java         {manageable} {command line}
   size_t InitialHeapSize                          = 104857600                                 {product} {command line}
   size_t MaxHeapSize                              = 1073741824                                {product} {command line}
   size_t MaxNewSize                               = 357564416                                 {product} {ergonomic}
   size_t MinHeapDeltaBytes                        = 524288                                    {product} {ergonomic}
   size_t MinHeapSize                              = 104857600                                 {product} {command line}
   size_t NewSize                                  = 34603008                                  {product} {ergonomic}
    uintx NonNMethodCodeHeapSize                   = 5839372                                {pd product} {ergonomic}
    uintx NonProfiledCodeHeapSize                  = 122909434                              {pd product} {ergonomic}
   size_t OldSize                                  = 70254592                                  {product} {ergonomic}
    uintx ProfiledCodeHeapSize                     = 122909434                              {pd product} {ergonomic}
    uintx ReservedCodeCacheSize                    = 251658240                              {pd product} {ergonomic}
     bool SegmentedCodeCache                       = true                                      {product} {ergonomic}
   size_t SoftMaxHeapSize                          = 1073741824                             {manageable} {ergonomic}
     bool UseCompressedOops                        = true                           {product lp64_product} {ergonomic}
     bool UseLargePagesIndividualAllocation        = false                                  {pd product} {ergonomic}
     bool UseParallelGC                            = true                                      {product} {command line}

Logging:
Log output configuration:
 #0: stdout all=off uptime,level,tags foldmultilines=false
 #1: stderr all=off uptime,level,tags foldmultilines=false

Environment Variables:
PATH=C:\Program Files\Common Files\Oracle\Java\javapath;C:\WINDOWS\system32;C:\WINDOWS;C:\WINDOWS\System32\Wbem;C:\WINDOWS\System32\WindowsPowerShell\v1.0\;C:\WINDOWS\System32\OpenSSH\;C:\Program Files\Java\jdk-23\bin;C:\Program Files\MySQL\MySQL Server 8.0\bin;C:\MinGW\bin;C:\Program Files\Git\cmd;C:\Program Files\openjfx-24.0.1_windows-x64_bin-sdk\javafx-sdk-24.0.1\bin;C:\Program Files\MySQL\MySQL Shell 8.0\bin\;C:\Users\HP\AppData\Local\Microsoft\WindowsApps;C:\Users\HP\AppData\Local\Programs\Microsoft VS Code\bin;C:\Users\HP\AppData\Local\GitHubDesktop\bin;C:\Users\HP\AppData\Local\Programs\cursor\resources\app\bin;
USERNAME=HP
OS=Windows_NT
PROCESSOR_IDENTIFIER=Intel64 Family 6 Model 142 Stepping 10, GenuineIntel
TMP=C:\Users\HP\AppData\Local\Temp
TEMP=C:\Users\HP\AppData\Local\Temp




Periodic native trim disabled

---------------  S Y S T E M  ---------------

OS:
 Windows 11 , 64 bit Build 26100 (10.0.26100.3775)
OS uptime: 0 days 2:22 hours

CPU: total 8 (initial active 8) (4 cores per cpu, 2 threads per core) family 6 model 142 stepping 10 microcode 0xf6, cx8, cmov, fxsr, ht, mmx, 3dnowpref, sse, sse2, sse3, ssse3, sse4.1, sse4.2, popcnt, lzcnt, tsc, tscinvbit, avx, avx2, aes, erms, clmul, bmi1, bmi2, rtm, adx, fma, vzeroupper, clflush, clflushopt, rdtscp, f16c
Processor Information for the first 8 processors :
  Max Mhz: 1896, Current Mhz: 1696, Mhz Limit: 1687

Memory: 4k page, system-wide physical 8035M (1483M free)
TotalPageFile size 12131M (AvailPageFile size 336M)
current process WorkingSet (physical memory assigned to process): 112M, peak: 116M
current process commit charge ("private bytes"): 217M, peak: 221M

vm_info: OpenJDK 64-Bit Server VM (21.0.6+7-LTS) for windows-amd64 JRE (21.0.6+7-LTS), built on 2025-01-21T00:00:00Z by "admin" with MS VC++ 17.7 (VS2022)

END.
