#
# There is insufficient memory for the Java Runtime Environment to continue.
# Native memory allocation (malloc) failed to allocate 1481408 bytes. Error detail: Chunk::new
# Possible reasons:
#   The system is out of physical RAM or swap space
#   This process is running with CompressedOops enabled, and the Java Heap may be blocking the growth of the native heap
# Possible solutions:
#   Reduce memory load on the system
#   Increase physical memory or swap space
#   Check if swap backing store is full
#   Decrease Java heap size (-Xmx/-Xms)
#   Decrease number of Java threads
#   Decrease Java thread stack sizes (-Xss)
#   Set larger code cache with -XX:ReservedCodeCacheSize=
#   JVM is running with Unscaled Compressed Oops mode in which the Java heap is
#     placed in the first 4GB address space. The Java Heap base address is the
#     maximum limit for the native heap growth. Please use -XX:HeapBaseMinAddress
#     to set the Java Heap base and to place the Java Heap above 4GB virtual address.
# This output file may be truncated or incomplete.
#
#  Out of Memory Error (arena.cpp:168), pid=26372, tid=13632
#
# JRE version: OpenJDK Runtime Environment Temurin-21.0.7+6 (21.0.7+6) (build 21.0.7+6-LTS)
# Java VM: OpenJDK 64-Bit Server VM Temurin-21.0.7+6 (21.0.7+6-LTS, mixed mode, sharing, tiered, compressed oops, compressed class ptrs, parallel gc, windows-amd64)
# No core dump will be written. Minidumps are not enabled by default on client versions of Windows
#

---------------  S U M M A R Y ------------

Command Line: --add-modules=ALL-SYSTEM --add-opens=java.base/java.util=ALL-UNNAMED --add-opens=java.base/java.lang=ALL-UNNAMED --add-opens=java.base/sun.nio.fs=ALL-UNNAMED -Declipse.application=org.eclipse.jdt.ls.core.id1 -Dosgi.bundles.defaultStartLevel=4 -Declipse.product=org.eclipse.jdt.ls.core.product -Djava.import.generatesMetadataFilesAtProjectRoot=false -DDetectVMInstallationsJob.disabled=true -Dfile.encoding=utf8 -XX:+UseParallelGC -XX:GCTimeRatio=4 -XX:AdaptiveSizePolicyWeight=90 -Dsun.zip.disableMemoryMapping=true -Xmx1G -Xms100m -Xlog:disable -javaagent:c:\Users\HP\.cursor\extensions\redhat.java-1.42.0-win32-x64\lombok\lombok-1.18.36.jar -XX:+HeapDumpOnOutOfMemoryError -XX:HeapDumpPath=c:\Users\HP\AppData\Roaming\Cursor\User\workspaceStorage\e62ba6225dbbb7be1a6621217d742bc6\redhat.java -Daether.dependencyCollector.impl=bf c:\Users\HP\.cursor\extensions\redhat.java-1.42.0-win32-x64\server\plugins\org.eclipse.equinox.launcher_1.7.0.v20250424-1814.jar -configuration c:\Users\HP\AppData\Roaming\Cursor\User\globalStorage\redhat.java\1.42.0\config_win -data c:\Users\HP\AppData\Roaming\Cursor\User\workspaceStorage\e62ba6225dbbb7be1a6621217d742bc6\redhat.java\jdt_ws --pipe=\\.\pipe\lsp-27315549d14b7838b58b3fd101e5fb8e-sock

Host: Intel(R) Core(TM) i5-8350U CPU @ 1.70GHz, 8 cores, 7G,  Windows 11 , 64 bit Build 26100 (10.0.26100.3775)
Time: Sat Jun 21 08:07:34 2025 Pacific Standard Time elapsed time: 43.842090 seconds (0d 0h 0m 43s)

---------------  T H R E A D  ---------------

Current thread (0x00000268fd35db40):  JavaThread "C2 CompilerThread0" daemon [_thread_in_native, id=13632, stack(0x0000009cf4700000,0x0000009cf4800000) (1024K)]


Current CompileTask:
C2:43842 7873 % !   4       org.eclipse.jdt.internal.compiler.classfmt.ClassFileReader::<init> @ 81 (2135 bytes)

Stack: [0x0000009cf4700000,0x0000009cf4800000]
Native frames: (J=compiled Java code, j=interpreted, Vv=VM code, C=native code)
V  [jvm.dll+0x6ce119]
V  [jvm.dll+0x8a84a1]
V  [jvm.dll+0x8aa9ce]
V  [jvm.dll+0x8ab0b3]
V  [jvm.dll+0x27f8a6]
V  [jvm.dll+0xc507d]
V  [jvm.dll+0xc55b3]
V  [jvm.dll+0x3b692c]
V  [jvm.dll+0x1dfe33]
V  [jvm.dll+0x247c42]
V  [jvm.dll+0x2470cf]
V  [jvm.dll+0x1c760e]
V  [jvm.dll+0x25695a]
V  [jvm.dll+0x254efa]
V  [jvm.dll+0x3f03f6]
V  [jvm.dll+0x851f6b]
V  [jvm.dll+0x6cc7dd]
C  [ucrtbase.dll+0x37b0]
C  [KERNEL32.DLL+0x2e8d7]
C  [ntdll.dll+0xb14fc]


---------------  P R O C E S S  ---------------

Threads class SMR info:
_java_thread_list=0x00000268c700b690, length=39, elements={
0x00000268e8f99fe0, 0x00000268fd34b890, 0x00000268fd34fac0, 0x00000268fd352c80,
0x00000268fd354a10, 0x00000268fd358d50, 0x00000268fd3597a0, 0x00000268fd35db40,
0x00000268fed5a8b0, 0x00000268e9009a20, 0x00000268ff023980, 0x00000268ff15ed70,
0x00000268ff62d8c0, 0x00000268ff5662a0, 0x00000268ff519c40, 0x00000268ff8d04e0,
0x00000268c54f6930, 0x00000268c53903d0, 0x00000268c5390a60, 0x00000268c5391e10,
0x00000268c53910f0, 0x00000268c5391780, 0x00000268c53924a0, 0x00000268c5392b30,
0x00000268c53931c0, 0x00000268c538fd40, 0x00000268c5937ec0, 0x00000268c593b340,
0x00000268c5939270, 0x00000268c5939900, 0x00000268c5938550, 0x00000268c593b9d0,
0x00000268c5939f90, 0x00000268c593acb0, 0x00000268c593c060, 0x00000268c5938be0,
0x00000268c593cd80, 0x00000268c593c6f0, 0x00000268c7d30de0
}

Java Threads: ( => current thread )
  0x00000268e8f99fe0 JavaThread "main"                              [_thread_blocked, id=12208, stack(0x0000009cf3d00000,0x0000009cf3e00000) (1024K)]
  0x00000268fd34b890 JavaThread "Reference Handler"          daemon [_thread_blocked, id=8476, stack(0x0000009cf4100000,0x0000009cf4200000) (1024K)]
  0x00000268fd34fac0 JavaThread "Finalizer"                  daemon [_thread_blocked, id=15560, stack(0x0000009cf4200000,0x0000009cf4300000) (1024K)]
  0x00000268fd352c80 JavaThread "Signal Dispatcher"          daemon [_thread_blocked, id=2124, stack(0x0000009cf4300000,0x0000009cf4400000) (1024K)]
  0x00000268fd354a10 JavaThread "Attach Listener"            daemon [_thread_blocked, id=24080, stack(0x0000009cf4400000,0x0000009cf4500000) (1024K)]
  0x00000268fd358d50 JavaThread "Service Thread"             daemon [_thread_blocked, id=28084, stack(0x0000009cf4500000,0x0000009cf4600000) (1024K)]
  0x00000268fd3597a0 JavaThread "Monitor Deflation Thread"   daemon [_thread_blocked, id=26220, stack(0x0000009cf4600000,0x0000009cf4700000) (1024K)]
=>0x00000268fd35db40 JavaThread "C2 CompilerThread0"         daemon [_thread_in_native, id=13632, stack(0x0000009cf4700000,0x0000009cf4800000) (1024K)]
  0x00000268fed5a8b0 JavaThread "C1 CompilerThread0"         daemon [_thread_in_native, id=17292, stack(0x0000009cf4800000,0x0000009cf4900000) (1024K)]
  0x00000268e9009a20 JavaThread "Common-Cleaner"             daemon [_thread_blocked, id=20448, stack(0x0000009cf4900000,0x0000009cf4a00000) (1024K)]
  0x00000268ff023980 JavaThread "Notification Thread"        daemon [_thread_blocked, id=10172, stack(0x0000009cf4a00000,0x0000009cf4b00000) (1024K)]
  0x00000268ff15ed70 JavaThread "Active Thread: Equinox Container: 56369d23-883a-4c22-a6fd-cb5bc720b429"        [_thread_in_Java, id=23196, stack(0x0000009cf4b00000,0x0000009cf4c00000) (1024K)]
  0x00000268ff62d8c0 JavaThread "Refresh Thread: Equinox Container: 56369d23-883a-4c22-a6fd-cb5bc720b429" daemon [_thread_blocked, id=8700, stack(0x0000009cf5200000,0x0000009cf5300000) (1024K)]
  0x00000268ff5662a0 JavaThread "Framework Event Dispatcher: Equinox Container: 56369d23-883a-4c22-a6fd-cb5bc720b429" daemon [_thread_blocked, id=28736, stack(0x0000009cf5400000,0x0000009cf5500000) (1024K)]
  0x00000268ff519c40 JavaThread "Start Level: Equinox Container: 56369d23-883a-4c22-a6fd-cb5bc720b429" daemon [_thread_blocked, id=8720, stack(0x0000009cf5500000,0x0000009cf5600000) (1024K)]
  0x00000268ff8d04e0 JavaThread "Bundle File Closer"         daemon [_thread_blocked, id=8040, stack(0x0000009cf5600000,0x0000009cf5700000) (1024K)]
  0x00000268c54f6930 JavaThread "SCR Component Actor"        daemon [_thread_blocked, id=15380, stack(0x0000009cf5700000,0x0000009cf5800000) (1024K)]
  0x00000268c53903d0 JavaThread "Worker-JM"                         [_thread_blocked, id=11828, stack(0x0000009cf5900000,0x0000009cf5a00000) (1024K)]
  0x00000268c5390a60 JavaThread "Worker-0"                          [_thread_blocked, id=14060, stack(0x0000009cf5a00000,0x0000009cf5b00000) (1024K)]
  0x00000268c5391e10 JavaThread "Worker-1"                          [_thread_blocked, id=14888, stack(0x0000009cf5b00000,0x0000009cf5c00000) (1024K)]
  0x00000268c53910f0 JavaThread "Worker-2"                          [_thread_blocked, id=14852, stack(0x0000009cf5c00000,0x0000009cf5d00000) (1024K)]
  0x00000268c5391780 JavaThread "Worker-3: Initialize Workspace"        [_thread_in_native, id=7672, stack(0x0000009cf5d00000,0x0000009cf5e00000) (1024K)]
  0x00000268c53924a0 JavaThread "Java indexing"              daemon [_thread_in_vm, id=15368, stack(0x0000009cf5f00000,0x0000009cf6000000) (1024K)]
  0x00000268c5392b30 JavaThread "JNA Cleaner"                daemon [_thread_blocked, id=21156, stack(0x0000009cf6000000,0x0000009cf6100000) (1024K)]
  0x00000268c53931c0 JavaThread "Worker-4"                          [_thread_blocked, id=29024, stack(0x0000009cf6300000,0x0000009cf6400000) (1024K)]
  0x00000268c538fd40 JavaThread "Worker-5: Java indexing... "        [_thread_blocked, id=21820, stack(0x0000009cf6400000,0x0000009cf6500000) (1024K)]
  0x00000268c5937ec0 JavaThread "Thread-2"                   daemon [_thread_in_native, id=29660, stack(0x0000009cf6500000,0x0000009cf6600000) (1024K)]
  0x00000268c593b340 JavaThread "Thread-3"                   daemon [_thread_in_native, id=29240, stack(0x0000009cf6600000,0x0000009cf6700000) (1024K)]
  0x00000268c5939270 JavaThread "Thread-4"                   daemon [_thread_in_native, id=18136, stack(0x0000009cf6700000,0x0000009cf6800000) (1024K)]
  0x00000268c5939900 JavaThread "Thread-5"                   daemon [_thread_in_native, id=29136, stack(0x0000009cf6800000,0x0000009cf6900000) (1024K)]
  0x00000268c5938550 JavaThread "Thread-6"                   daemon [_thread_in_native, id=10820, stack(0x0000009cf6900000,0x0000009cf6a00000) (1024K)]
  0x00000268c593b9d0 JavaThread "Thread-7"                   daemon [_thread_in_native, id=8876, stack(0x0000009cf6a00000,0x0000009cf6b00000) (1024K)]
  0x00000268c5939f90 JavaThread "Thread-8"                   daemon [_thread_in_native, id=17220, stack(0x0000009cf6b00000,0x0000009cf6c00000) (1024K)]
  0x00000268c593acb0 JavaThread "Thread-9"                   daemon [_thread_in_native, id=27172, stack(0x0000009cf6c00000,0x0000009cf6d00000) (1024K)]
  0x00000268c593c060 JavaThread "Thread-10"                  daemon [_thread_in_native, id=13612, stack(0x0000009cf6d00000,0x0000009cf6e00000) (1024K)]
  0x00000268c5938be0 JavaThread "pool-2-thread-1"                   [_thread_blocked, id=12760, stack(0x0000009cf5800000,0x0000009cf5900000) (1024K)]
  0x00000268c593cd80 JavaThread "WorkspaceEventsHandler"            [_thread_blocked, id=28756, stack(0x0000009cf6e00000,0x0000009cf6f00000) (1024K)]
  0x00000268c593c6f0 JavaThread "pool-1-thread-1"                   [_thread_blocked, id=29664, stack(0x0000009cf6f00000,0x0000009cf7000000) (1024K)]
  0x00000268c7d30de0 JavaThread "C2 CompilerThread1"         daemon [_thread_in_native, id=9836, stack(0x0000009cf7100000,0x0000009cf7200000) (1024K)]
Total: 39

Other Threads:
  0x00000268fd3329f0 VMThread "VM Thread"                           [id=19608, stack(0x0000009cf4000000,0x0000009cf4100000) (1024K)]
  0x00000268fd26ca00 WatcherThread "VM Periodic Task Thread"        [id=12800, stack(0x0000009cf3f00000,0x0000009cf4000000) (1024K)]
  0x00000268e8fb9490 WorkerThread "GC Thread#0"                     [id=10000, stack(0x0000009cf3e00000,0x0000009cf3f00000) (1024K)]
  0x00000268ff71db20 WorkerThread "GC Thread#1"                     [id=1192, stack(0x0000009cf4c00000,0x0000009cf4d00000) (1024K)]
  0x00000268ff855160 WorkerThread "GC Thread#2"                     [id=27016, stack(0x0000009cf4d00000,0x0000009cf4e00000) (1024K)]
  0x00000268c508d4a0 WorkerThread "GC Thread#3"                     [id=28660, stack(0x0000009cf4e00000,0x0000009cf4f00000) (1024K)]
  0x00000268c508d840 WorkerThread "GC Thread#4"                     [id=18720, stack(0x0000009cf4f00000,0x0000009cf5000000) (1024K)]
  0x00000268c508dbe0 WorkerThread "GC Thread#5"                     [id=29676, stack(0x0000009cf5000000,0x0000009cf5100000) (1024K)]
  0x00000268ff84a090 WorkerThread "GC Thread#6"                     [id=25840, stack(0x0000009cf5100000,0x0000009cf5200000) (1024K)]
  0x00000268ff25f660 WorkerThread "GC Thread#7"                     [id=12780, stack(0x0000009cf5300000,0x0000009cf5400000) (1024K)]
Total: 10

Threads with active compile tasks:
C2 CompilerThread0  43933 7873 % !   4       org.eclipse.jdt.internal.compiler.classfmt.ClassFileReader::<init> @ 81 (2135 bytes)
C1 CompilerThread0  43933 7993       3       java.lang.String::encodeUTF8 (141 bytes)
C2 CompilerThread1  43933 7920       4       org.eclipse.jdt.internal.core.search.indexing.BinaryIndexer::decodeParameterTypes (596 bytes)
Total: 3

VM state: not at safepoint (normal execution)

VM Mutex/Monitor currently owned by a thread:  ([mutex/lock_event])
[0x00007ffbad4bce88] MethodCompileQueue_lock - owner thread: 0x00000268fed5a8b0

Heap address: 0x00000000c0000000, size: 1024 MB, Compressed Oops mode: 32-bit

CDS archive(s) mapped at: [0x0000026880000000-0x0000026880ba0000-0x0000026880ba0000), size 12189696, SharedBaseAddress: 0x0000026880000000, ArchiveRelocationMode: 1.
Compressed class space mapped at: 0x0000026881000000-0x00000268c1000000, reserved size: 1073741824
Narrow klass base: 0x0000026880000000, Narrow klass shift: 0, Narrow klass range: 0x100000000

GC Precious Log:
 CardTable entry size: 512
 CPUs: 8 total, 8 available
 Memory: 8035M
 Large Page Support: Disabled
 NUMA Support: Disabled
 Compressed Oops: Enabled (32-bit)
 Alignments: Space 512K, Generation 512K, Heap 2M
 Heap Min Capacity: 100M
 Heap Initial Capacity: 100M
 Heap Max Capacity: 1G
 Pre-touch: Disabled
 Parallel Workers: 8

Heap:
 PSYoungGen      total 20480K, used 16664K [0x00000000eab00000, 0x00000000ece00000, 0x0000000100000000)
  eden space 17920K, 78% used [0x00000000eab00000,0x00000000eb8cb208,0x00000000ebc80000)
  from space 2560K, 99% used [0x00000000ec480000,0x00000000ec6fb1e0,0x00000000ec700000)
  to   space 8192K, 0% used [0x00000000ebc80000,0x00000000ebc80000,0x00000000ec480000)
 ParOldGen       total 68608K, used 55138K [0x00000000c0000000, 0x00000000c4300000, 0x00000000eab00000)
  object space 68608K, 80% used [0x00000000c0000000,0x00000000c35d88f0,0x00000000c4300000)
 Metaspace       used 55479K, committed 56640K, reserved 1114112K
  class space    used 5942K, committed 6464K, reserved 1048576K

Card table byte_map: [0x00000268e8950000,0x00000268e8b60000] _byte_map_base: 0x00000268e8350000

Marking Bits: (ParMarkBitMap*) 0x00007ffbad4c31f0
 Begin Bits: [0x00000268fb190000, 0x00000268fc190000)
 End Bits:   [0x00000268fc190000, 0x00000268fd190000)

Polling page: 0x00000268e8620000

Metaspace:

Usage:
  Non-class:     48.38 MB used.
      Class:      5.80 MB used.
       Both:     54.18 MB used.

Virtual space:
  Non-class space:       64.00 MB reserved,      49.00 MB ( 77%) committed,  1 nodes.
      Class space:        1.00 GB reserved,       6.31 MB ( <1%) committed,  1 nodes.
             Both:        1.06 GB reserved,      55.31 MB (  5%) committed. 

Chunk freelists:
   Non-Class:  14.72 MB
       Class:  9.69 MB
        Both:  24.41 MB

MaxMetaspaceSize: unlimited
CompressedClassSpaceSize: 1.00 GB
Initial GC threshold: 21.00 MB
Current GC threshold: 58.38 MB
CDS: on
 - commit_granule_bytes: 65536.
 - commit_granule_words: 8192.
 - virtual_space_node_default_size: 8388608.
 - enlarge_chunks_in_place: 1.
 - use_allocation_guard: 0.


Internal statistics:

num_allocs_failed_limit: 6.
num_arena_births: 880.
num_arena_deaths: 24.
num_vsnodes_births: 2.
num_vsnodes_deaths: 0.
num_space_committed: 885.
num_space_uncommitted: 0.
num_chunks_returned_to_freelist: 32.
num_chunks_taken_from_freelist: 3209.
num_chunk_merges: 12.
num_chunk_splits: 1977.
num_chunks_enlarged: 1134.
num_inconsistent_stats: 0.

CodeHeap 'non-profiled nmethods': size=120000Kb used=4259Kb max_used=4259Kb free=115741Kb
 bounds [0x00000268f3c60000, 0x00000268f4090000, 0x00000268fb190000]
CodeHeap 'profiled nmethods': size=120000Kb used=15656Kb max_used=15656Kb free=104343Kb
 bounds [0x00000268ec190000, 0x00000268ed0e0000, 0x00000268f36c0000]
CodeHeap 'non-nmethods': size=5760Kb used=1442Kb max_used=1529Kb free=4317Kb
 bounds [0x00000268f36c0000, 0x00000268f3930000, 0x00000268f3c60000]
 total_blobs=8126 nmethods=7371 adapters=660
 compilation: enabled
              stopped_count=0, restarted_count=0
 full_count=0

Compilation events (20 events):
Event: 42.749 Thread 0x00000268c7d30de0 7851       4       org.eclipse.jdt.core.compiler.CharOperation::lastSegment (22 bytes)
Event: 42.757 Thread 0x00000268fed5a8b0 7909       3       sun.net.www.protocol.file.Handler::openConnection (7 bytes)
Event: 42.758 Thread 0x00000268fed5a8b0 nmethod 7909 0x00000268ed0b3490 code [0x00000268ed0b3640, 0x00000268ed0b37a0]
Event: 42.758 Thread 0x00000268fed5a8b0 7911   !   3       sun.net.www.protocol.file.Handler::openConnection (274 bytes)
Event: 42.767 Thread 0x00000268c7d30de0 nmethod 7851 0x00000268f4081610 code [0x00000268f40817a0, 0x00000268f4081ac8]
Event: 42.768 Thread 0x00000268c7d30de0 7913       4       org.eclipse.jdt.core.compiler.CharOperation::concatWith (127 bytes)
Event: 42.771 Thread 0x00000268fed5a8b0 nmethod 7911 0x00000268ed0b3890 code [0x00000268ed0b3dc0, 0x00000268ed0b5e70]
Event: 42.771 Thread 0x00000268fed5a8b0 7912       3       sun.net.www.protocol.file.Handler::createFileURLConnection (10 bytes)
Event: 42.772 Thread 0x00000268fed5a8b0 nmethod 7912 0x00000268ed0b6d90 code [0x00000268ed0b6f40, 0x00000268ed0b70f0]
Event: 42.783 Thread 0x00000268c7d30de0 nmethod 7913 0x00000268f4081c90 code [0x00000268f4081e40, 0x00000268f4082308]
Event: 42.783 Thread 0x00000268c7d30de0 7914       4       java.net.URI::quote (214 bytes)
Event: 42.792 Thread 0x00000268fed5a8b0 7915       3       java.net.URL::openStream (8 bytes)
Event: 42.792 Thread 0x00000268fed5a8b0 nmethod 7915 0x00000268ed0b7190 code [0x00000268ed0b7360, 0x00000268ed0b7660]
Event: 42.792 Thread 0x00000268fed5a8b0 7916       3       sun.net.www.protocol.jar.JarFileFactory::urlFor (79 bytes)
Event: 42.794 Thread 0x00000268fed5a8b0 nmethod 7916 0x00000268ed0b7790 code [0x00000268ed0b7a20, 0x00000268ed0b8320]
Event: 42.799 Thread 0x00000268fed5a8b0 7918       2       org.eclipse.jdt.core.compiler.CharOperation::concatWith (127 bytes)
Event: 42.800 Thread 0x00000268fed5a8b0 nmethod 7918 0x00000268ed0b8710 code [0x00000268ed0b88e0, 0x00000268ed0b8d68]
Event: 42.813 Thread 0x00000268fed5a8b0 7919       1       sun.nio.fs.WindowsFileAttributes::fileKey (2 bytes)
Event: 42.813 Thread 0x00000268fed5a8b0 nmethod 7919 0x00000268f4082590 code [0x00000268f4082720, 0x00000268f40827f0]
Event: 42.861 Thread 0x00000268fed5a8b0 7922       2       org.eclipse.jdt.core.Signature::checkArrayDimension (92 bytes)

GC Heap History (20 events):
Event: 39.522 GC heap before
{Heap before GC invocations=25 (full 2):
 PSYoungGen      total 22016K, used 21997K [0x00000000eab00000, 0x00000000eca80000, 0x0000000100000000)
  eden space 19456K, 100% used [0x00000000eab00000,0x00000000ebe00000,0x00000000ebe00000)
  from space 2560K, 99% used [0x00000000ec300000,0x00000000ec57b520,0x00000000ec580000)
  to   space 5120K, 0% used [0x00000000ebe00000,0x00000000ebe00000,0x00000000ec300000)
 ParOldGen       total 68608K, used 27558K [0x00000000c0000000, 0x00000000c4300000, 0x00000000eab00000)
  object space 68608K, 40% used [0x00000000c0000000,0x00000000c1ae9a38,0x00000000c4300000)
 Metaspace       used 52876K, committed 54080K, reserved 1114112K
  class space    used 5684K, committed 6208K, reserved 1048576K
}
Event: 39.529 GC heap after
{Heap after GC invocations=25 (full 2):
 PSYoungGen      total 22016K, used 2224K [0x00000000eab00000, 0x00000000ec500000, 0x0000000100000000)
  eden space 19456K, 0% used [0x00000000eab00000,0x00000000eab00000,0x00000000ebe00000)
  from space 2560K, 86% used [0x00000000ebe00000,0x00000000ec02c0e8,0x00000000ec080000)
  to   space 3584K, 0% used [0x00000000ec180000,0x00000000ec180000,0x00000000ec500000)
 ParOldGen       total 68608K, used 30067K [0x00000000c0000000, 0x00000000c4300000, 0x00000000eab00000)
  object space 68608K, 43% used [0x00000000c0000000,0x00000000c1d5cf58,0x00000000c4300000)
 Metaspace       used 52876K, committed 54080K, reserved 1114112K
  class space    used 5684K, committed 6208K, reserved 1048576K
}
Event: 39.734 GC heap before
{Heap before GC invocations=26 (full 2):
 PSYoungGen      total 22016K, used 21680K [0x00000000eab00000, 0x00000000ec500000, 0x0000000100000000)
  eden space 19456K, 100% used [0x00000000eab00000,0x00000000ebe00000,0x00000000ebe00000)
  from space 2560K, 86% used [0x00000000ebe00000,0x00000000ec02c0e8,0x00000000ec080000)
  to   space 3584K, 0% used [0x00000000ec180000,0x00000000ec180000,0x00000000ec500000)
 ParOldGen       total 68608K, used 30067K [0x00000000c0000000, 0x00000000c4300000, 0x00000000eab00000)
  object space 68608K, 43% used [0x00000000c0000000,0x00000000c1d5cf58,0x00000000c4300000)
 Metaspace       used 52929K, committed 54080K, reserved 1114112K
  class space    used 5686K, committed 6208K, reserved 1048576K
}
Event: 39.742 GC heap after
{Heap after GC invocations=26 (full 2):
 PSYoungGen      total 22016K, used 2171K [0x00000000eab00000, 0x00000000ec400000, 0x0000000100000000)
  eden space 19456K, 0% used [0x00000000eab00000,0x00000000eab00000,0x00000000ebe00000)
  from space 2560K, 84% used [0x00000000ec180000,0x00000000ec39ed30,0x00000000ec400000)
  to   space 2560K, 0% used [0x00000000ebe00000,0x00000000ebe00000,0x00000000ec080000)
 ParOldGen       total 68608K, used 32142K [0x00000000c0000000, 0x00000000c4300000, 0x00000000eab00000)
  object space 68608K, 46% used [0x00000000c0000000,0x00000000c1f63928,0x00000000c4300000)
 Metaspace       used 52929K, committed 54080K, reserved 1114112K
  class space    used 5686K, committed 6208K, reserved 1048576K
}
Event: 40.032 GC heap before
{Heap before GC invocations=27 (full 2):
 PSYoungGen      total 22016K, used 21627K [0x00000000eab00000, 0x00000000ec400000, 0x0000000100000000)
  eden space 19456K, 100% used [0x00000000eab00000,0x00000000ebe00000,0x00000000ebe00000)
  from space 2560K, 84% used [0x00000000ec180000,0x00000000ec39ed30,0x00000000ec400000)
  to   space 2560K, 0% used [0x00000000ebe00000,0x00000000ebe00000,0x00000000ec080000)
 ParOldGen       total 68608K, used 32142K [0x00000000c0000000, 0x00000000c4300000, 0x00000000eab00000)
  object space 68608K, 46% used [0x00000000c0000000,0x00000000c1f63928,0x00000000c4300000)
 Metaspace       used 52966K, committed 54144K, reserved 1114112K
  class space    used 5690K, committed 6208K, reserved 1048576K
}
Event: 40.041 GC heap after
{Heap after GC invocations=27 (full 2):
 PSYoungGen      total 22016K, used 2020K [0x00000000eab00000, 0x00000000ec300000, 0x0000000100000000)
  eden space 19456K, 0% used [0x00000000eab00000,0x00000000eab00000,0x00000000ebe00000)
  from space 2560K, 78% used [0x00000000ebe00000,0x00000000ebff9000,0x00000000ec080000)
  to   space 2560K, 0% used [0x00000000ec080000,0x00000000ec080000,0x00000000ec300000)
 ParOldGen       total 68608K, used 34236K [0x00000000c0000000, 0x00000000c4300000, 0x00000000eab00000)
  object space 68608K, 49% used [0x00000000c0000000,0x00000000c216f388,0x00000000c4300000)
 Metaspace       used 52966K, committed 54144K, reserved 1114112K
  class space    used 5690K, committed 6208K, reserved 1048576K
}
Event: 40.350 GC heap before
{Heap before GC invocations=28 (full 2):
 PSYoungGen      total 22016K, used 21476K [0x00000000eab00000, 0x00000000ec300000, 0x0000000100000000)
  eden space 19456K, 100% used [0x00000000eab00000,0x00000000ebe00000,0x00000000ebe00000)
  from space 2560K, 78% used [0x00000000ebe00000,0x00000000ebff9000,0x00000000ec080000)
  to   space 2560K, 0% used [0x00000000ec080000,0x00000000ec080000,0x00000000ec300000)
 ParOldGen       total 68608K, used 34236K [0x00000000c0000000, 0x00000000c4300000, 0x00000000eab00000)
  object space 68608K, 49% used [0x00000000c0000000,0x00000000c216f388,0x00000000c4300000)
 Metaspace       used 53009K, committed 54208K, reserved 1114112K
  class space    used 5690K, committed 6208K, reserved 1048576K
}
Event: 40.358 GC heap after
{Heap after GC invocations=28 (full 2):
 PSYoungGen      total 21504K, used 2016K [0x00000000eab00000, 0x00000000ec280000, 0x0000000100000000)
  eden space 19456K, 0% used [0x00000000eab00000,0x00000000eab00000,0x00000000ebe00000)
  from space 2048K, 98% used [0x00000000ec080000,0x00000000ec278000,0x00000000ec280000)
  to   space 2048K, 0% used [0x00000000ebe80000,0x00000000ebe80000,0x00000000ec080000)
 ParOldGen       total 68608K, used 36131K [0x00000000c0000000, 0x00000000c4300000, 0x00000000eab00000)
  object space 68608K, 52% used [0x00000000c0000000,0x00000000c2348cd0,0x00000000c4300000)
 Metaspace       used 53009K, committed 54208K, reserved 1114112K
  class space    used 5690K, committed 6208K, reserved 1048576K
}
Event: 40.618 GC heap before
{Heap before GC invocations=29 (full 2):
 PSYoungGen      total 21504K, used 21472K [0x00000000eab00000, 0x00000000ec280000, 0x0000000100000000)
  eden space 19456K, 100% used [0x00000000eab00000,0x00000000ebe00000,0x00000000ebe00000)
  from space 2048K, 98% used [0x00000000ec080000,0x00000000ec278000,0x00000000ec280000)
  to   space 2048K, 0% used [0x00000000ebe80000,0x00000000ebe80000,0x00000000ec080000)
 ParOldGen       total 68608K, used 36131K [0x00000000c0000000, 0x00000000c4300000, 0x00000000eab00000)
  object space 68608K, 52% used [0x00000000c0000000,0x00000000c2348cd0,0x00000000c4300000)
 Metaspace       used 53053K, committed 54272K, reserved 1114112K
  class space    used 5690K, committed 6208K, reserved 1048576K
}
Event: 40.629 GC heap after
{Heap after GC invocations=29 (full 2):
 PSYoungGen      total 21504K, used 2016K [0x00000000eab00000, 0x00000000ec700000, 0x0000000100000000)
  eden space 19456K, 0% used [0x00000000eab00000,0x00000000eab00000,0x00000000ebe00000)
  from space 2048K, 98% used [0x00000000ebe80000,0x00000000ec078010,0x00000000ec080000)
  to   space 4608K, 0% used [0x00000000ec280000,0x00000000ec280000,0x00000000ec700000)
 ParOldGen       total 68608K, used 38095K [0x00000000c0000000, 0x00000000c4300000, 0x00000000eab00000)
  object space 68608K, 55% used [0x00000000c0000000,0x00000000c2533c60,0x00000000c4300000)
 Metaspace       used 53053K, committed 54272K, reserved 1114112K
  class space    used 5690K, committed 6208K, reserved 1048576K
}
Event: 40.826 GC heap before
{Heap before GC invocations=30 (full 2):
 PSYoungGen      total 21504K, used 21472K [0x00000000eab00000, 0x00000000ec700000, 0x0000000100000000)
  eden space 19456K, 100% used [0x00000000eab00000,0x00000000ebe00000,0x00000000ebe00000)
  from space 2048K, 98% used [0x00000000ebe80000,0x00000000ec078010,0x00000000ec080000)
  to   space 4608K, 0% used [0x00000000ec280000,0x00000000ec280000,0x00000000ec700000)
 ParOldGen       total 68608K, used 38095K [0x00000000c0000000, 0x00000000c4300000, 0x00000000eab00000)
  object space 68608K, 55% used [0x00000000c0000000,0x00000000c2533c60,0x00000000c4300000)
 Metaspace       used 53100K, committed 54336K, reserved 1114112K
  class space    used 5690K, committed 6208K, reserved 1048576K
}
Event: 40.835 GC heap after
{Heap after GC invocations=30 (full 2):
 PSYoungGen      total 22016K, used 2082K [0x00000000eab00000, 0x00000000ec500000, 0x0000000100000000)
  eden space 19456K, 0% used [0x00000000eab00000,0x00000000eab00000,0x00000000ebe00000)
  from space 2560K, 81% used [0x00000000ec280000,0x00000000ec488b30,0x00000000ec500000)
  to   space 3072K, 0% used [0x00000000ebf00000,0x00000000ebf00000,0x00000000ec200000)
 ParOldGen       total 68608K, used 40007K [0x00000000c0000000, 0x00000000c4300000, 0x00000000eab00000)
  object space 68608K, 58% used [0x00000000c0000000,0x00000000c2711cf8,0x00000000c4300000)
 Metaspace       used 53100K, committed 54336K, reserved 1114112K
  class space    used 5690K, committed 6208K, reserved 1048576K
}
Event: 41.384 GC heap before
{Heap before GC invocations=31 (full 2):
 PSYoungGen      total 22016K, used 21538K [0x00000000eab00000, 0x00000000ec500000, 0x0000000100000000)
  eden space 19456K, 100% used [0x00000000eab00000,0x00000000ebe00000,0x00000000ebe00000)
  from space 2560K, 81% used [0x00000000ec280000,0x00000000ec488b30,0x00000000ec500000)
  to   space 3072K, 0% used [0x00000000ebf00000,0x00000000ebf00000,0x00000000ec200000)
 ParOldGen       total 68608K, used 40007K [0x00000000c0000000, 0x00000000c4300000, 0x00000000eab00000)
  object space 68608K, 58% used [0x00000000c0000000,0x00000000c2711cf8,0x00000000c4300000)
 Metaspace       used 54065K, committed 55232K, reserved 1114112K
  class space    used 5760K, committed 6272K, reserved 1048576K
}
Event: 41.393 GC heap after
{Heap after GC invocations=31 (full 2):
 PSYoungGen      total 22528K, used 3071K [0x00000000eab00000, 0x00000000ece00000, 0x0000000100000000)
  eden space 19456K, 0% used [0x00000000eab00000,0x00000000eab00000,0x00000000ebe00000)
  from space 3072K, 99% used [0x00000000ebf00000,0x00000000ec1fffb8,0x00000000ec200000)
  to   space 8192K, 0% used [0x00000000ec600000,0x00000000ec600000,0x00000000ece00000)
 ParOldGen       total 68608K, used 43853K [0x00000000c0000000, 0x00000000c4300000, 0x00000000eab00000)
  object space 68608K, 63% used [0x00000000c0000000,0x00000000c2ad3408,0x00000000c4300000)
 Metaspace       used 54065K, committed 55232K, reserved 1114112K
  class space    used 5760K, committed 6272K, reserved 1048576K
}
Event: 41.756 GC heap before
{Heap before GC invocations=32 (full 2):
 PSYoungGen      total 22528K, used 22527K [0x00000000eab00000, 0x00000000ece00000, 0x0000000100000000)
  eden space 19456K, 100% used [0x00000000eab00000,0x00000000ebe00000,0x00000000ebe00000)
  from space 3072K, 99% used [0x00000000ebf00000,0x00000000ec1fffb8,0x00000000ec200000)
  to   space 8192K, 0% used [0x00000000ec600000,0x00000000ec600000,0x00000000ece00000)
 ParOldGen       total 68608K, used 43853K [0x00000000c0000000, 0x00000000c4300000, 0x00000000eab00000)
  object space 68608K, 63% used [0x00000000c0000000,0x00000000c2ad3408,0x00000000c4300000)
 Metaspace       used 54769K, committed 56000K, reserved 1114112K
  class space    used 5850K, committed 6400K, reserved 1048576K
}
Event: 41.768 GC heap after
{Heap after GC invocations=32 (full 2):
 PSYoungGen      total 23552K, used 3697K [0x00000000eab00000, 0x00000000eca00000, 0x0000000100000000)
  eden space 19456K, 0% used [0x00000000eab00000,0x00000000eab00000,0x00000000ebe00000)
  from space 4096K, 90% used [0x00000000ec600000,0x00000000ec99c600,0x00000000eca00000)
  to   space 5120K, 0% used [0x00000000ec000000,0x00000000ec000000,0x00000000ec500000)
 ParOldGen       total 68608K, used 46794K [0x00000000c0000000, 0x00000000c4300000, 0x00000000eab00000)
  object space 68608K, 68% used [0x00000000c0000000,0x00000000c2db2930,0x00000000c4300000)
 Metaspace       used 54769K, committed 56000K, reserved 1114112K
  class space    used 5850K, committed 6400K, reserved 1048576K
}
Event: 42.277 GC heap before
{Heap before GC invocations=33 (full 2):
 PSYoungGen      total 23552K, used 23153K [0x00000000eab00000, 0x00000000eca00000, 0x0000000100000000)
  eden space 19456K, 100% used [0x00000000eab00000,0x00000000ebe00000,0x00000000ebe00000)
  from space 4096K, 90% used [0x00000000ec600000,0x00000000ec99c600,0x00000000eca00000)
  to   space 5120K, 0% used [0x00000000ec000000,0x00000000ec000000,0x00000000ec500000)
 ParOldGen       total 68608K, used 46794K [0x00000000c0000000, 0x00000000c4300000, 0x00000000eab00000)
  object space 68608K, 68% used [0x00000000c0000000,0x00000000c2db2930,0x00000000c4300000)
 Metaspace       used 55135K, committed 56320K, reserved 1114112K
  class space    used 5882K, committed 6400K, reserved 1048576K
}
Event: 42.288 GC heap after
{Heap after GC invocations=33 (full 2):
 PSYoungGen      total 24064K, used 4376K [0x00000000eab00000, 0x00000000ec700000, 0x0000000100000000)
  eden space 19456K, 0% used [0x00000000eab00000,0x00000000eab00000,0x00000000ebe00000)
  from space 4608K, 94% used [0x00000000ec000000,0x00000000ec446200,0x00000000ec480000)
  to   space 2560K, 0% used [0x00000000ec480000,0x00000000ec480000,0x00000000ec700000)
 ParOldGen       total 68608K, used 50269K [0x00000000c0000000, 0x00000000c4300000, 0x00000000eab00000)
  object space 68608K, 73% used [0x00000000c0000000,0x00000000c31176b0,0x00000000c4300000)
 Metaspace       used 55135K, committed 56320K, reserved 1114112K
  class space    used 5882K, committed 6400K, reserved 1048576K
}
Event: 42.758 GC heap before
{Heap before GC invocations=34 (full 2):
 PSYoungGen      total 24064K, used 23812K [0x00000000eab00000, 0x00000000ec700000, 0x0000000100000000)
  eden space 19456K, 99% used [0x00000000eab00000,0x00000000ebdfaec0,0x00000000ebe00000)
  from space 4608K, 94% used [0x00000000ec000000,0x00000000ec446200,0x00000000ec480000)
  to   space 2560K, 0% used [0x00000000ec480000,0x00000000ec480000,0x00000000ec700000)
 ParOldGen       total 68608K, used 50269K [0x00000000c0000000, 0x00000000c4300000, 0x00000000eab00000)
  object space 68608K, 73% used [0x00000000c0000000,0x00000000c31176b0,0x00000000c4300000)
 Metaspace       used 55394K, committed 56576K, reserved 1114112K
  class space    used 5920K, committed 6464K, reserved 1048576K
}
Event: 42.767 GC heap after
{Heap after GC invocations=34 (full 2):
 PSYoungGen      total 20480K, used 2540K [0x00000000eab00000, 0x00000000ece00000, 0x0000000100000000)
  eden space 17920K, 0% used [0x00000000eab00000,0x00000000eab00000,0x00000000ebc80000)
  from space 2560K, 99% used [0x00000000ec480000,0x00000000ec6fb1e0,0x00000000ec700000)
  to   space 8192K, 0% used [0x00000000ebc80000,0x00000000ebc80000,0x00000000ec480000)
 ParOldGen       total 68608K, used 55138K [0x00000000c0000000, 0x00000000c4300000, 0x00000000eab00000)
  object space 68608K, 80% used [0x00000000c0000000,0x00000000c35d88f0,0x00000000c4300000)
 Metaspace       used 55394K, committed 56576K, reserved 1114112K
  class space    used 5920K, committed 6464K, reserved 1048576K
}

Dll operation events (14 events):
Event: 0.325 Loaded shared library c:\Users\HP\.cursor\extensions\redhat.java-1.42.0-win32-x64\jre\21.0.7-win32-x86_64\bin\java.dll
Event: 2.442 Loaded shared library c:\Users\HP\.cursor\extensions\redhat.java-1.42.0-win32-x64\jre\21.0.7-win32-x86_64\bin\zip.dll
Event: 2.584 Loaded shared library C:\Users\HP\.cursor\extensions\redhat.java-1.42.0-win32-x64\jre\21.0.7-win32-x86_64\bin\instrument.dll
Event: 2.608 Loaded shared library C:\Users\HP\.cursor\extensions\redhat.java-1.42.0-win32-x64\jre\21.0.7-win32-x86_64\bin\net.dll
Event: 2.618 Loaded shared library C:\Users\HP\.cursor\extensions\redhat.java-1.42.0-win32-x64\jre\21.0.7-win32-x86_64\bin\nio.dll
Event: 2.641 Loaded shared library C:\Users\HP\.cursor\extensions\redhat.java-1.42.0-win32-x64\jre\21.0.7-win32-x86_64\bin\zip.dll
Event: 2.775 Loaded shared library C:\Users\HP\.cursor\extensions\redhat.java-1.42.0-win32-x64\jre\21.0.7-win32-x86_64\bin\jimage.dll
Event: 4.021 Loaded shared library c:\Users\HP\.cursor\extensions\redhat.java-1.42.0-win32-x64\jre\21.0.7-win32-x86_64\bin\verify.dll
Event: 14.818 Loaded shared library C:\Users\HP\AppData\Roaming\Cursor\User\globalStorage\redhat.java\1.42.0\config_win\org.eclipse.equinox.launcher\org.eclipse.equinox.launcher.win32.win32.x86_64_1.2.1300.v20250331-1702\eclipse_11911.dll
Event: 19.363 Loaded shared library C:\Users\HP\.cursor\extensions\redhat.java-1.42.0-win32-x64\jre\21.0.7-win32-x86_64\bin\management.dll
Event: 19.370 Loaded shared library C:\Users\HP\.cursor\extensions\redhat.java-1.42.0-win32-x64\jre\21.0.7-win32-x86_64\bin\management_ext.dll
Event: 25.617 Loaded shared library C:\Users\HP\AppData\Local\Temp\jna-2312\jna1657930465448392199.dll
Event: 26.731 Loaded shared library C:\Users\HP\.cursor\extensions\redhat.java-1.42.0-win32-x64\jre\21.0.7-win32-x86_64\bin\sunmscapi.dll
Event: 29.500 Loaded shared library C:\Users\HP\.cursor\extensions\redhat.java-1.42.0-win32-x64\jre\21.0.7-win32-x86_64\bin\extnet.dll

Deoptimization events (20 events):
Event: 42.411 Thread 0x00000268c53924a0 DEOPT PACKING pc=0x00000268ecf90983 sp=0x0000009cf5ffeac0
Event: 42.411 Thread 0x00000268c53924a0 DEOPT UNPACKING pc=0x00000268f3714242 sp=0x0000009cf5ffe028 mode 0
Event: 42.475 Thread 0x00000268c53924a0 DEOPT PACKING pc=0x00000268ecf840e6 sp=0x0000009cf5ffea80
Event: 42.475 Thread 0x00000268c53924a0 DEOPT UNPACKING pc=0x00000268f3714242 sp=0x0000009cf5ffe008 mode 0
Event: 42.500 Thread 0x00000268c53924a0 DEOPT PACKING pc=0x00000268ecf90983 sp=0x0000009cf5ffeac0
Event: 42.500 Thread 0x00000268c53924a0 DEOPT UNPACKING pc=0x00000268f3714242 sp=0x0000009cf5ffe028 mode 0
Event: 42.619 Thread 0x00000268c53924a0 Uncommon trap: trap_request=0xffffff45 fr.pc=0x00000268f405ea88 relative=0x00000000000006c8
Event: 42.619 Thread 0x00000268c53924a0 Uncommon trap: reason=unstable_if action=reinterpret pc=0x00000268f405ea88 method=org.eclipse.jdt.internal.core.search.indexing.BinaryIndexer.addTypeReference([C)V @ 23 c2
Event: 42.619 Thread 0x00000268c53924a0 DEOPT PACKING pc=0x00000268f405ea88 sp=0x0000009cf5ffeab0
Event: 42.619 Thread 0x00000268c53924a0 DEOPT UNPACKING pc=0x00000268f3713aa2 sp=0x0000009cf5ffea88 mode 2
Event: 42.724 Thread 0x00000268c53924a0 DEOPT PACKING pc=0x00000268ecf840e6 sp=0x0000009cf5ffea80
Event: 42.724 Thread 0x00000268c53924a0 DEOPT UNPACKING pc=0x00000268f3714242 sp=0x0000009cf5ffe008 mode 0
Event: 42.769 Thread 0x00000268c5391780 DEOPT PACKING pc=0x00000268ec3ee67b sp=0x0000009cf5df8b90
Event: 42.769 Thread 0x00000268c5391780 DEOPT UNPACKING pc=0x00000268f3714242 sp=0x0000009cf5df80c8 mode 0
Event: 42.783 Thread 0x00000268c53924a0 Uncommon trap: trap_request=0xffffff6e fr.pc=0x00000268f40821a0 relative=0x0000000000000360
Event: 42.783 Thread 0x00000268c53924a0 Uncommon trap: reason=loop_limit_check action=maybe_recompile pc=0x00000268f40821a0 method=org.eclipse.jdt.core.compiler.CharOperation.concatWith([[CC)[C @ 121 c2
Event: 42.783 Thread 0x00000268c53924a0 DEOPT PACKING pc=0x00000268f40821a0 sp=0x0000009cf5ffe900
Event: 42.783 Thread 0x00000268c53924a0 DEOPT UNPACKING pc=0x00000268f3713aa2 sp=0x0000009cf5ffe8b0 mode 2
Event: 43.832 Thread 0x00000268c53924a0 DEOPT PACKING pc=0x00000268ec3ee67b sp=0x0000009cf5ffe720
Event: 43.832 Thread 0x00000268c53924a0 DEOPT UNPACKING pc=0x00000268f3714242 sp=0x0000009cf5ffdc58 mode 0

Classes loaded (20 events):
Event: 38.300 Loading class com/sun/org/apache/xerces/internal/impl/msg/XMLMessages
Event: 38.300 Loading class com/sun/org/apache/xerces/internal/impl/msg/XMLMessages done
Event: 38.305 Loading class com/sun/org/apache/xerces/internal/impl/msg/XMLMessages_en
Event: 38.305 Loading class com/sun/org/apache/xerces/internal/impl/msg/XMLMessages_en done
Event: 38.305 Loading class com/sun/org/apache/xerces/internal/impl/msg/XMLMessages_en
Event: 38.305 Loading class com/sun/org/apache/xerces/internal/impl/msg/XMLMessages_en done
Event: 38.305 Loading class com/sun/org/apache/xerces/internal/impl/msg/XMLMessages_en_US
Event: 38.305 Loading class com/sun/org/apache/xerces/internal/impl/msg/XMLMessages_en_US done
Event: 38.305 Loading class com/sun/org/apache/xerces/internal/impl/msg/XMLMessages_en_US
Event: 38.305 Loading class com/sun/org/apache/xerces/internal/impl/msg/XMLMessages_en_US done
Event: 38.420 Loading class java/util/WeakHashMap$KeyIterator
Event: 38.420 Loading class java/util/WeakHashMap$KeyIterator done
Event: 38.499 Loading class java/util/Hashtable$KeySet
Event: 38.499 Loading class java/util/Hashtable$KeySet done
Event: 39.054 Loading class java/nio/channels/Channels$ReadableByteChannelImpl
Event: 39.054 Loading class java/nio/channels/Channels$ReadableByteChannelImpl done
Event: 39.074 Loading class java/nio/channels/NonWritableChannelException
Event: 39.075 Loading class java/nio/channels/NonWritableChannelException done
Event: 41.304 Loading class java/lang/UnsupportedClassVersionError
Event: 41.304 Loading class java/lang/UnsupportedClassVersionError done

Classes unloaded (12 events):
Event: 22.981 Thread 0x00000268fd3329f0 Unloading class 0x00000268811a4c00 'java/lang/invoke/LambdaForm$MH+0x00000268811a4c00'
Event: 22.982 Thread 0x00000268fd3329f0 Unloading class 0x00000268811a4800 'java/lang/invoke/LambdaForm$MH+0x00000268811a4800'
Event: 22.982 Thread 0x00000268fd3329f0 Unloading class 0x00000268811a4400 'java/lang/invoke/LambdaForm$MH+0x00000268811a4400'
Event: 22.982 Thread 0x00000268fd3329f0 Unloading class 0x00000268811a4000 'java/lang/invoke/LambdaForm$MH+0x00000268811a4000'
Event: 22.982 Thread 0x00000268fd3329f0 Unloading class 0x00000268811a3c00 'java/lang/invoke/LambdaForm$BMH+0x00000268811a3c00'
Event: 22.982 Thread 0x00000268fd3329f0 Unloading class 0x00000268811a3800 'java/lang/invoke/LambdaForm$DMH+0x00000268811a3800'
Event: 22.982 Thread 0x00000268fd3329f0 Unloading class 0x00000268811a2400 'java/lang/invoke/LambdaForm$DMH+0x00000268811a2400'
Event: 26.312 Thread 0x00000268fd3329f0 Unloading class 0x00000268812a8000 'java/lang/invoke/LambdaForm$MH+0x00000268812a8000'
Event: 26.312 Thread 0x00000268fd3329f0 Unloading class 0x00000268812a7000 'java/lang/invoke/LambdaForm$MH+0x00000268812a7000'
Event: 26.312 Thread 0x00000268fd3329f0 Unloading class 0x00000268812a6800 'java/lang/invoke/LambdaForm$MH+0x00000268812a6800'
Event: 26.312 Thread 0x00000268fd3329f0 Unloading class 0x00000268812a6000 'java/lang/invoke/LambdaForm$DMH+0x00000268812a6000'
Event: 26.312 Thread 0x00000268fd3329f0 Unloading class 0x00000268812a5c00 'java/lang/invoke/LambdaForm$MH+0x00000268812a5c00'

Classes redefined (0 events):
No events

Internal exceptions (20 events):
Event: 36.845 Thread 0x00000268c5391780 Exception <a 'sun/nio/fs/WindowsException'{0x00000000ebf172e8}> (0x00000000ebf172e8) 
thrown [s\src\hotspot\share\prims\jni.cpp, line 520]
Event: 36.845 Thread 0x00000268c5391780 Exception <a 'sun/nio/fs/WindowsException'{0x00000000ebf17918}> (0x00000000ebf17918) 
thrown [s\src\hotspot\share\prims\jni.cpp, line 520]
Event: 36.873 Thread 0x00000268c5391780 Exception <a 'sun/nio/fs/WindowsException'{0x00000000ebf5f578}> (0x00000000ebf5f578) 
thrown [s\src\hotspot\share\prims\jni.cpp, line 520]
Event: 36.921 Thread 0x00000268c5391780 Exception <a 'sun/nio/fs/WindowsException'{0x00000000ec02d280}> (0x00000000ec02d280) 
thrown [s\src\hotspot\share\prims\jni.cpp, line 520]
Event: 36.925 Thread 0x00000268c5391780 Exception <a 'java/io/FileNotFoundException'{0x00000000ec03c428}> (0x00000000ec03c428) 
thrown [s\src\hotspot\share\prims\jni.cpp, line 520]
Event: 36.925 Thread 0x00000268c5391780 Exception <a 'java/io/FileNotFoundException'{0x00000000ec03d438}> (0x00000000ec03d438) 
thrown [s\src\hotspot\share\prims\jni.cpp, line 520]
Event: 37.076 Thread 0x00000268c5391780 Implicit null exception at 0x00000268f3ed7531 to 0x00000268f3ed7818
Event: 37.078 Thread 0x00000268c5391780 Exception <a 'java/lang/NoSuchMethodError'{0x00000000eaceaca0}: 'java.lang.Object java.lang.invoke.DelegatingMethodHandle$Holder.reinvoke_L(java.lang.Object, int, long, java.lang.Object, java.lang.Object, int, java.lang.Object)'> (0x00000000eaceaca0) 
thrown [s\src\hotspot\share\interpreter\linkResolver.cpp, line 773]
Event: 37.616 Thread 0x00000268c5391780 Exception <a 'java/lang/NoSuchMethodError'{0x00000000eb294dd8}: 'java.lang.Object java.lang.invoke.Invokers$Holder.invoke_MT(java.lang.Object, java.lang.Object, java.lang.Object, java.lang.Object, java.lang.Object, java.lang.Object, java.lang.Object, java.lang.Object, java.lang.Object, java.lang.Object)'> (0x00000000eb294dd8) 
thrown [s\src\hotspot\share\interpreter\linkResolver.cpp, line 773]
Event: 38.295 Thread 0x00000268c5391e10 Exception <a 'java/lang/ClassNotFoundException'{0x00000000eb8a5868}: com/sun/org/apache/xerces/internal/impl/msg/spi/DOMMessagesProvider> (0x00000000eb8a5868) 
thrown [s\src\hotspot\share\classfile\systemDictionary.cpp, line 312]
Event: 38.297 Thread 0x00000268c5391e10 Exception <a 'java/lang/ClassNotFoundException'{0x00000000eb8b7230}: com/sun/org/apache/xerces/internal/impl/msg/spi/XMLSerializerMessagesProvider> (0x00000000eb8b7230) 
thrown [s\src\hotspot\share\classfile\systemDictionary.cpp, line 312]
Event: 38.300 Thread 0x00000268c5391e10 Exception <a 'java/lang/ClassNotFoundException'{0x00000000eb8c4450}: com/sun/org/apache/xerces/internal/impl/msg/spi/XMLMessagesProvider> (0x00000000eb8c4450) 
thrown [s\src\hotspot\share\classfile\systemDictionary.cpp, line 312]
Event: 38.319 Thread 0x00000268c5391e10 Exception <a 'sun/nio/fs/WindowsException'{0x00000000ebab3810}> (0x00000000ebab3810) 
thrown [s\src\hotspot\share\prims\jni.cpp, line 520]
Event: 38.321 Thread 0x00000268c5391e10 Exception <a 'sun/nio/fs/WindowsException'{0x00000000ebab9180}> (0x00000000ebab9180) 
thrown [s\src\hotspot\share\prims\jni.cpp, line 520]
Event: 38.416 Thread 0x00000268c5391e10 Exception <a 'java/io/FileNotFoundException'{0x00000000ebc01c68}> (0x00000000ebc01c68) 
thrown [s\src\hotspot\share\prims\jni.cpp, line 520]
Event: 38.425 Thread 0x00000268c5391e10 Exception <a 'java/io/FileNotFoundException'{0x00000000ebd34210}> (0x00000000ebd34210) 
thrown [s\src\hotspot\share\prims\jni.cpp, line 520]
Event: 38.426 Thread 0x00000268c5391e10 Exception <a 'java/io/FileNotFoundException'{0x00000000ebd35208}> (0x00000000ebd35208) 
thrown [s\src\hotspot\share\prims\jni.cpp, line 520]
Event: 38.426 Thread 0x00000268c5391e10 Exception <a 'java/io/FileNotFoundException'{0x00000000ebd35f50}> (0x00000000ebd35f50) 
thrown [s\src\hotspot\share\prims\jni.cpp, line 520]
Event: 41.395 Thread 0x00000268c5391780 Exception <a 'java/lang/NoSuchMethodError'{0x00000000eab3cc88}: 'int java.lang.invoke.Invokers$Holder.invokeExact_MT(java.lang.Object, java.lang.Object)'> (0x00000000eab3cc88) 
thrown [s\src\hotspot\share\interpreter\linkResolver.cpp, line 773]
Event: 41.453 Thread 0x00000268c53924a0 Implicit null exception at 0x00000268f400e060 to 0x00000268f400e174

ZGC Phase Switch (0 events):
No events

VM Operations (20 events):
Event: 39.742 Executing VM operation: ParallelGCFailedAllocation (Allocation Failure) done
Event: 40.031 Executing VM operation: ParallelGCFailedAllocation (Allocation Failure)
Event: 40.042 Executing VM operation: ParallelGCFailedAllocation (Allocation Failure) done
Event: 40.332 Executing VM operation: ParallelGCFailedAllocation (Allocation Failure)
Event: 40.358 Executing VM operation: ParallelGCFailedAllocation (Allocation Failure) done
Event: 40.618 Executing VM operation: ParallelGCFailedAllocation (Allocation Failure)
Event: 40.629 Executing VM operation: ParallelGCFailedAllocation (Allocation Failure) done
Event: 40.826 Executing VM operation: ParallelGCFailedAllocation (Allocation Failure)
Event: 40.835 Executing VM operation: ParallelGCFailedAllocation (Allocation Failure) done
Event: 41.255 Executing VM operation: HandshakeAllThreads (Deoptimize)
Event: 41.259 Executing VM operation: HandshakeAllThreads (Deoptimize) done
Event: 41.340 Executing VM operation: ParallelGCFailedAllocation (Allocation Failure)
Event: 41.393 Executing VM operation: ParallelGCFailedAllocation (Allocation Failure) done
Event: 41.756 Executing VM operation: ParallelGCFailedAllocation (Allocation Failure)
Event: 41.769 Executing VM operation: ParallelGCFailedAllocation (Allocation Failure) done
Event: 42.277 Executing VM operation: ParallelGCFailedAllocation (Allocation Failure)
Event: 42.288 Executing VM operation: ParallelGCFailedAllocation (Allocation Failure) done
Event: 42.758 Executing VM operation: ParallelGCFailedAllocation (Allocation Failure)
Event: 42.767 Executing VM operation: ParallelGCFailedAllocation (Allocation Failure) done
Event: 43.770 Executing VM operation: Cleanup

Memory protections (0 events):
No events

Nmethod flushes (20 events):
Event: 26.346 Thread 0x00000268fd3329f0 flushing  nmethod 0x00000268ec80b710
Event: 26.346 Thread 0x00000268fd3329f0 flushing  nmethod 0x00000268ec80cc90
Event: 26.346 Thread 0x00000268fd3329f0 flushing  nmethod 0x00000268ec80e510
Event: 26.346 Thread 0x00000268fd3329f0 flushing  nmethod 0x00000268ec80fa10
Event: 26.346 Thread 0x00000268fd3329f0 flushing  nmethod 0x00000268ec810410
Event: 26.346 Thread 0x00000268fd3329f0 flushing  nmethod 0x00000268ec81ae90
Event: 26.346 Thread 0x00000268fd3329f0 flushing  nmethod 0x00000268ec81b390
Event: 26.346 Thread 0x00000268fd3329f0 flushing  nmethod 0x00000268ec84b790
Event: 26.346 Thread 0x00000268fd3329f0 flushing  nmethod 0x00000268ec858690
Event: 26.346 Thread 0x00000268fd3329f0 flushing  nmethod 0x00000268ec85fa90
Event: 26.346 Thread 0x00000268fd3329f0 flushing  nmethod 0x00000268ec8b8810
Event: 26.346 Thread 0x00000268fd3329f0 flushing  nmethod 0x00000268ec8bf190
Event: 26.346 Thread 0x00000268fd3329f0 flushing  nmethod 0x00000268ec8c2a10
Event: 26.346 Thread 0x00000268fd3329f0 flushing  nmethod 0x00000268ec8d6590
Event: 26.346 Thread 0x00000268fd3329f0 flushing  nmethod 0x00000268ec8e9710
Event: 26.346 Thread 0x00000268fd3329f0 flushing  nmethod 0x00000268ec8ee510
Event: 26.346 Thread 0x00000268fd3329f0 flushing  nmethod 0x00000268ec921890
Event: 26.346 Thread 0x00000268fd3329f0 flushing  nmethod 0x00000268ec955990
Event: 26.346 Thread 0x00000268fd3329f0 flushing  nmethod 0x00000268ec956690
Event: 26.346 Thread 0x00000268fd3329f0 flushing  nmethod 0x00000268ec956a90

Events (20 events):
Event: 32.871 Thread 0x00000268fed5a8b0 Thread added: 0x00000268c7d30de0
Event: 32.924 Thread 0x00000268c593c6f0 Thread added: 0x00000268c593daa0
Event: 32.925 Thread 0x00000268c593c6f0 Thread added: 0x00000268c593a620
Event: 32.925 Thread 0x00000268c593c6f0 Thread added: 0x00000268c593ee50
Event: 32.926 Thread 0x00000268c593c6f0 Thread added: 0x00000268c593e130
Event: 34.398 Thread 0x00000268c7d30de0 Thread exited: 0x00000268c7d30de0
Event: 34.407 Thread 0x00000268c593a620 Thread exited: 0x00000268c593a620
Event: 34.421 Thread 0x00000268c593ee50 Thread exited: 0x00000268c593ee50
Event: 34.421 Thread 0x00000268c593e130 Thread exited: 0x00000268c593e130
Event: 34.421 Thread 0x00000268c593daa0 Thread exited: 0x00000268c593daa0
Event: 34.482 Thread 0x00000268c593c6f0 Thread added: 0x00000268c593daa0
Event: 34.482 Thread 0x00000268c593c6f0 Thread added: 0x00000268c593a620
Event: 34.482 Thread 0x00000268c593c6f0 Thread added: 0x00000268c593e130
Event: 34.482 Thread 0x00000268c593c6f0 Thread added: 0x00000268c593e7c0
Event: 35.564 Thread 0x00000268c593a620 Thread exited: 0x00000268c593a620
Event: 35.564 Thread 0x00000268c593e130 Thread exited: 0x00000268c593e130
Event: 35.585 Thread 0x00000268c593e7c0 Thread exited: 0x00000268c593e7c0
Event: 35.585 Thread 0x00000268c593daa0 Thread exited: 0x00000268c593daa0
Event: 35.692 Thread 0x00000268fed5a8b0 Thread added: 0x00000268c7d30de0
Event: 42.714 Thread 0x00000268c593d410 Thread exited: 0x00000268c593d410


Dynamic libraries:
0x00007ff622940000 - 0x00007ff62294e000 	c:\Users\HP\.cursor\extensions\redhat.java-1.42.0-win32-x64\jre\21.0.7-win32-x86_64\bin\java.exe
0x00007ffbf5980000 - 0x00007ffbf5be0000 	C:\WINDOWS\SYSTEM32\ntdll.dll
0x00007ffbf4150000 - 0x00007ffbf4217000 	C:\WINDOWS\System32\KERNEL32.DLL
0x00007ffbf2e00000 - 0x00007ffbf31ca000 	C:\WINDOWS\System32\KERNELBASE.dll
0x00007ffbf31d0000 - 0x00007ffbf331b000 	C:\WINDOWS\System32\ucrtbase.dll
0x00007ffbd3fc0000 - 0x00007ffbd3fde000 	c:\Users\HP\.cursor\extensions\redhat.java-1.42.0-win32-x64\jre\21.0.7-win32-x86_64\bin\VCRUNTIME140.dll
0x00007ffbd5e60000 - 0x00007ffbd5e78000 	c:\Users\HP\.cursor\extensions\redhat.java-1.42.0-win32-x64\jre\21.0.7-win32-x86_64\bin\jli.dll
0x00007ffbf4e80000 - 0x00007ffbf504c000 	C:\WINDOWS\System32\USER32.dll
0x00007ffbdcc90000 - 0x00007ffbdcf27000 	C:\WINDOWS\WinSxS\amd64_microsoft.windows.common-controls_6595b64144ccf1df_6.0.26100.3624_none_3e086962e3345f24\COMCTL32.dll
0x00007ffbf3960000 - 0x00007ffbf3a09000 	C:\WINDOWS\System32\msvcrt.dll
0x00007ffbf3320000 - 0x00007ffbf3347000 	C:\WINDOWS\System32\win32u.dll
0x00007ffbf42f0000 - 0x00007ffbf431a000 	C:\WINDOWS\System32\GDI32.dll
0x00007ffbf34d0000 - 0x00007ffbf3601000 	C:\WINDOWS\System32\gdi32full.dll
0x00007ffbf2cb0000 - 0x00007ffbf2d53000 	C:\WINDOWS\System32\msvcp_win.dll
0x00007ffbf5900000 - 0x00007ffbf592f000 	C:\WINDOWS\System32\IMM32.DLL
0x00007ffbdcb60000 - 0x00007ffbdcb6c000 	c:\Users\HP\.cursor\extensions\redhat.java-1.42.0-win32-x64\jre\21.0.7-win32-x86_64\bin\vcruntime140_1.dll
0x00007ffbb54a0000 - 0x00007ffbb552d000 	c:\Users\HP\.cursor\extensions\redhat.java-1.42.0-win32-x64\jre\21.0.7-win32-x86_64\bin\msvcp140.dll
0x00007ffbac810000 - 0x00007ffbad5a0000 	c:\Users\HP\.cursor\extensions\redhat.java-1.42.0-win32-x64\jre\21.0.7-win32-x86_64\bin\server\jvm.dll
0x00007ffbf3780000 - 0x00007ffbf3832000 	C:\WINDOWS\System32\ADVAPI32.dll
0x00007ffbf4580000 - 0x00007ffbf4626000 	C:\WINDOWS\System32\sechost.dll
0x00007ffbf4d60000 - 0x00007ffbf4e76000 	C:\WINDOWS\System32\RPCRT4.dll
0x00007ffbf4490000 - 0x00007ffbf4504000 	C:\WINDOWS\System32\WS2_32.dll
0x00007ffbe2d10000 - 0x00007ffbe2d1b000 	C:\WINDOWS\SYSTEM32\VERSION.dll
0x00007ffbf17f0000 - 0x00007ffbf184e000 	C:\WINDOWS\SYSTEM32\POWRPROF.dll
0x00007ffbe7ad0000 - 0x00007ffbe7b06000 	C:\WINDOWS\SYSTEM32\WINMM.dll
0x00007ffbf17d0000 - 0x00007ffbf17e4000 	C:\WINDOWS\SYSTEM32\UMPDC.dll
0x00007ffbf1a90000 - 0x00007ffbf1aaa000 	C:\WINDOWS\SYSTEM32\kernel.appcore.dll
0x00007ffbda210000 - 0x00007ffbda21a000 	c:\Users\HP\.cursor\extensions\redhat.java-1.42.0-win32-x64\jre\21.0.7-win32-x86_64\bin\jimage.dll
0x00007ffbf0530000 - 0x00007ffbf0771000 	C:\WINDOWS\SYSTEM32\DBGHELP.DLL
0x00007ffbf4790000 - 0x00007ffbf4b12000 	C:\WINDOWS\System32\combase.dll
0x00007ffbf3840000 - 0x00007ffbf3916000 	C:\WINDOWS\System32\OLEAUT32.dll
0x00007ffbdaa70000 - 0x00007ffbdaaa9000 	C:\WINDOWS\SYSTEM32\dbgcore.DLL
0x00007ffbf2d60000 - 0x00007ffbf2df9000 	C:\WINDOWS\System32\bcryptPrimitives.dll
0x00007ffbda150000 - 0x00007ffbda15f000 	c:\Users\HP\.cursor\extensions\redhat.java-1.42.0-win32-x64\jre\21.0.7-win32-x86_64\bin\instrument.dll
0x00007ffbd09c0000 - 0x00007ffbd09df000 	c:\Users\HP\.cursor\extensions\redhat.java-1.42.0-win32-x64\jre\21.0.7-win32-x86_64\bin\java.dll
0x00007ffbf3a10000 - 0x00007ffbf4139000 	C:\WINDOWS\System32\SHELL32.dll
0x00007ffbf3610000 - 0x00007ffbf3778000 	C:\WINDOWS\System32\wintypes.dll
0x00007ffbf0860000 - 0x00007ffbf10b2000 	C:\WINDOWS\SYSTEM32\windows.storage.dll
0x00007ffbf43a0000 - 0x00007ffbf448d000 	C:\WINDOWS\System32\SHCORE.dll
0x00007ffbf4510000 - 0x00007ffbf4574000 	C:\WINDOWS\System32\shlwapi.dll
0x00007ffbf2a70000 - 0x00007ffbf2a9f000 	C:\WINDOWS\SYSTEM32\profapi.dll
0x00007ffbcec20000 - 0x00007ffbcec38000 	c:\Users\HP\.cursor\extensions\redhat.java-1.42.0-win32-x64\jre\21.0.7-win32-x86_64\bin\zip.dll
0x00007ffbd9890000 - 0x00007ffbd98a0000 	C:\Users\HP\.cursor\extensions\redhat.java-1.42.0-win32-x64\jre\21.0.7-win32-x86_64\bin\net.dll
0x00007ffbe26f0000 - 0x00007ffbe280d000 	C:\WINDOWS\SYSTEM32\WINHTTP.dll
0x00007ffbf1fb0000 - 0x00007ffbf201a000 	C:\WINDOWS\system32\mswsock.dll
0x00007ffbcc150000 - 0x00007ffbcc166000 	C:\Users\HP\.cursor\extensions\redhat.java-1.42.0-win32-x64\jre\21.0.7-win32-x86_64\bin\nio.dll
0x00007ffbd77a0000 - 0x00007ffbd77b0000 	c:\Users\HP\.cursor\extensions\redhat.java-1.42.0-win32-x64\jre\21.0.7-win32-x86_64\bin\verify.dll
0x00007ffbc77e0000 - 0x00007ffbc7825000 	C:\Users\HP\AppData\Roaming\Cursor\User\globalStorage\redhat.java\1.42.0\config_win\org.eclipse.equinox.launcher\org.eclipse.equinox.launcher.win32.win32.x86_64_1.2.1300.v20250331-1702\eclipse_11911.dll
0x00007ffbf4ba0000 - 0x00007ffbf4d36000 	C:\WINDOWS\System32\ole32.dll
0x00007ffbe7850000 - 0x00007ffbe785a000 	C:\Users\HP\.cursor\extensions\redhat.java-1.42.0-win32-x64\jre\21.0.7-win32-x86_64\bin\management.dll
0x00007ffbd6ea0000 - 0x00007ffbd6eab000 	C:\Users\HP\.cursor\extensions\redhat.java-1.42.0-win32-x64\jre\21.0.7-win32-x86_64\bin\management_ext.dll
0x00007ffbf4d50000 - 0x00007ffbf4d58000 	C:\WINDOWS\System32\PSAPI.DLL
0x00007ffbf2250000 - 0x00007ffbf226c000 	C:\WINDOWS\SYSTEM32\CRYPTSP.dll
0x00007ffbf19f0000 - 0x00007ffbf1a2a000 	C:\WINDOWS\system32\rsaenh.dll
0x00007ffbf2050000 - 0x00007ffbf207b000 	C:\WINDOWS\SYSTEM32\USERENV.dll
0x00007ffbf2a40000 - 0x00007ffbf2a66000 	C:\WINDOWS\SYSTEM32\bcrypt.dll
0x00007ffbf2270000 - 0x00007ffbf227c000 	C:\WINDOWS\SYSTEM32\CRYPTBASE.dll
0x00007ffbf1430000 - 0x00007ffbf1463000 	C:\WINDOWS\SYSTEM32\IPHLPAPI.DLL
0x00007ffbf4140000 - 0x00007ffbf414a000 	C:\WINDOWS\System32\NSI.dll
0x00007ffbbb530000 - 0x00007ffbbb579000 	C:\Users\HP\AppData\Local\Temp\jna-2312\jna1657930465448392199.dll
0x00007ffbe24e0000 - 0x00007ffbe24ff000 	C:\WINDOWS\SYSTEM32\dhcpcsvc6.DLL
0x00007ffbe24b0000 - 0x00007ffbe24d5000 	C:\WINDOWS\SYSTEM32\dhcpcsvc.DLL
0x00007ffbd6090000 - 0x00007ffbd609e000 	C:\Users\HP\.cursor\extensions\redhat.java-1.42.0-win32-x64\jre\21.0.7-win32-x86_64\bin\sunmscapi.dll
0x00007ffbf3350000 - 0x00007ffbf34c7000 	C:\WINDOWS\System32\CRYPT32.dll
0x00007ffbf2450000 - 0x00007ffbf2480000 	C:\WINDOWS\SYSTEM32\ncrypt.dll
0x00007ffbf2400000 - 0x00007ffbf243f000 	C:\WINDOWS\SYSTEM32\NTASN1.dll
0x00007ffbf14c0000 - 0x00007ffbf15e5000 	C:\WINDOWS\SYSTEM32\DNSAPI.dll
0x00007ffbdf2c0000 - 0x00007ffbdf2cb000 	C:\Windows\System32\rasadhlp.dll
0x00007ffbe2040000 - 0x00007ffbe20c5000 	C:\WINDOWS\System32\fwpuclnt.dll
0x00007ffbd5960000 - 0x00007ffbd5969000 	C:\Users\HP\.cursor\extensions\redhat.java-1.42.0-win32-x64\jre\21.0.7-win32-x86_64\bin\extnet.dll

dbghelp: loaded successfully - version: 4.0.5 - missing functions: none
symbol engine: initialized successfully - sym options: 0x614 - pdb path: .;c:\Users\HP\.cursor\extensions\redhat.java-1.42.0-win32-x64\jre\21.0.7-win32-x86_64\bin;C:\WINDOWS\SYSTEM32;C:\WINDOWS\WinSxS\amd64_microsoft.windows.common-controls_6595b64144ccf1df_6.0.26100.3624_none_3e086962e3345f24;c:\Users\HP\.cursor\extensions\redhat.java-1.42.0-win32-x64\jre\21.0.7-win32-x86_64\bin\server;C:\Users\HP\AppData\Roaming\Cursor\User\globalStorage\redhat.java\1.42.0\config_win\org.eclipse.equinox.launcher\org.eclipse.equinox.launcher.win32.win32.x86_64_1.2.1300.v20250331-1702;C:\Users\HP\AppData\Local\Temp\jna-2312

VM Arguments:
jvm_args: --add-modules=ALL-SYSTEM --add-opens=java.base/java.util=ALL-UNNAMED --add-opens=java.base/java.lang=ALL-UNNAMED --add-opens=java.base/sun.nio.fs=ALL-UNNAMED -Declipse.application=org.eclipse.jdt.ls.core.id1 -Dosgi.bundles.defaultStartLevel=4 -Declipse.product=org.eclipse.jdt.ls.core.product -Djava.import.generatesMetadataFilesAtProjectRoot=false -DDetectVMInstallationsJob.disabled=true -Dfile.encoding=utf8 -XX:+UseParallelGC -XX:GCTimeRatio=4 -XX:AdaptiveSizePolicyWeight=90 -Dsun.zip.disableMemoryMapping=true -Xmx1G -Xms100m -Xlog:disable -javaagent:c:\Users\HP\.cursor\extensions\redhat.java-1.42.0-win32-x64\lombok\lombok-1.18.36.jar -XX:+HeapDumpOnOutOfMemoryError -XX:HeapDumpPath=c:\Users\HP\AppData\Roaming\Cursor\User\workspaceStorage\e62ba6225dbbb7be1a6621217d742bc6\redhat.java -Daether.dependencyCollector.impl=bf 
java_command: c:\Users\HP\.cursor\extensions\redhat.java-1.42.0-win32-x64\server\plugins\org.eclipse.equinox.launcher_1.7.0.v20250424-1814.jar -configuration c:\Users\HP\AppData\Roaming\Cursor\User\globalStorage\redhat.java\1.42.0\config_win -data c:\Users\HP\AppData\Roaming\Cursor\User\workspaceStorage\e62ba6225dbbb7be1a6621217d742bc6\redhat.java\jdt_ws --pipe=\\.\pipe\lsp-27315549d14b7838b58b3fd101e5fb8e-sock
java_class_path (initial): c:\Users\HP\.cursor\extensions\redhat.java-1.42.0-win32-x64\server\plugins\org.eclipse.equinox.launcher_1.7.0.v20250424-1814.jar
Launcher Type: SUN_STANDARD

[Global flags]
    uintx AdaptiveSizePolicyWeight                 = 90                                        {product} {command line}
     intx CICompilerCount                          = 4                                         {product} {ergonomic}
    uintx GCTimeRatio                              = 4                                         {product} {command line}
     bool HeapDumpOnOutOfMemoryError               = true                                   {manageable} {command line}
    ccstr HeapDumpPath                             = c:\Users\HP\AppData\Roaming\Cursor\User\workspaceStorage\e62ba6225dbbb7be1a6621217d742bc6\redhat.java         {manageable} {command line}
   size_t InitialHeapSize                          = 104857600                                 {product} {command line}
   size_t MaxHeapSize                              = 1073741824                                {product} {command line}
   size_t MaxNewSize                               = 357564416                                 {product} {ergonomic}
   size_t MinHeapDeltaBytes                        = 524288                                    {product} {ergonomic}
   size_t MinHeapSize                              = 104857600                                 {product} {command line}
   size_t NewSize                                  = 34603008                                  {product} {ergonomic}
    uintx NonNMethodCodeHeapSize                   = 5839372                                {pd product} {ergonomic}
    uintx NonProfiledCodeHeapSize                  = 122909434                              {pd product} {ergonomic}
   size_t OldSize                                  = 70254592                                  {product} {ergonomic}
    uintx ProfiledCodeHeapSize                     = 122909434                              {pd product} {ergonomic}
    uintx ReservedCodeCacheSize                    = 251658240                              {pd product} {ergonomic}
     bool SegmentedCodeCache                       = true                                      {product} {ergonomic}
   size_t SoftMaxHeapSize                          = 1073741824                             {manageable} {ergonomic}
     bool UseCompressedOops                        = true                           {product lp64_product} {ergonomic}
     bool UseLargePagesIndividualAllocation        = false                                  {pd product} {ergonomic}
     bool UseParallelGC                            = true                                      {product} {command line}

Logging:
Log output configuration:
 #0: stdout all=off uptime,level,tags foldmultilines=false
 #1: stderr all=off uptime,level,tags foldmultilines=false

Environment Variables:
PATH=C:\Program Files\Common Files\Oracle\Java\javapath;C:\WINDOWS\system32;C:\WINDOWS;C:\WINDOWS\System32\Wbem;C:\WINDOWS\System32\WindowsPowerShell\v1.0\;C:\WINDOWS\System32\OpenSSH\;C:\Program Files\Java\jdk-23\bin;C:\Program Files\MySQL\MySQL Server 8.0\bin;C:\MinGW\bin;C:\Program Files\Git\cmd;C:\Program Files\openjfx-24.0.1_windows-x64_bin-sdk\javafx-sdk-24.0.1\bin;C:\Program Files\MySQL\MySQL Shell 8.0\bin\;C:\Users\HP\AppData\Local\Microsoft\WindowsApps;C:\Users\HP\AppData\Local\Programs\Microsoft VS Code\bin;C:\Users\HP\AppData\Local\GitHubDesktop\bin;C:\Users\HP\AppData\Local\Programs\cursor\resources\app\bin;
USERNAME=HP
OS=Windows_NT
PROCESSOR_IDENTIFIER=Intel64 Family 6 Model 142 Stepping 10, GenuineIntel
TMP=C:\Users\HP\AppData\Local\Temp
TEMP=C:\Users\HP\AppData\Local\Temp




Periodic native trim disabled

---------------  S Y S T E M  ---------------

OS:
 Windows 11 , 64 bit Build 26100 (10.0.26100.3775)
OS uptime: 4 days 21:12 hours

CPU: total 8 (initial active 8) (4 cores per cpu, 2 threads per core) family 6 model 142 stepping 10 microcode 0xf6, cx8, cmov, fxsr, ht, mmx, 3dnowpref, sse, sse2, sse3, ssse3, sse4.1, sse4.2, popcnt, lzcnt, tsc, tscinvbit, avx, avx2, aes, erms, clmul, bmi1, bmi2, rtm, adx, fma, vzeroupper, clflush, clflushopt, rdtscp, f16c
Processor Information for the first 8 processors :
  Max Mhz: 1896, Current Mhz: 1696, Mhz Limit: 1687

Memory: 4k page, system-wide physical 8035M (542M free)
TotalPageFile size 12131M (AvailPageFile size 5M)
current process WorkingSet (physical memory assigned to process): 280M, peak: 283M
current process commit charge ("private bytes"): 330M, peak: 334M

vm_info: OpenJDK 64-Bit Server VM (21.0.7+6-LTS) for windows-amd64 JRE (21.0.7+6-LTS), built on 2025-04-15T00:00:00Z by "admin" with MS VC++ 17.7 (VS2022)

END.
