#
# There is insufficient memory for the Java Runtime Environment to continue.
# Native memory allocation (malloc) failed to allocate 1048576 bytes for AllocateHeap
# Possible reasons:
#   The system is out of physical RAM or swap space
#   The process is running with CompressedOops enabled, and the Java Heap may be blocking the growth of the native heap
# Possible solutions:
#   Reduce memory load on the system
#   Increase physical memory or swap space
#   Check if swap backing store is full
#   Decrease Java heap size (-Xmx/-Xms)
#   Decrease number of Java threads
#   Decrease Java thread stack sizes (-Xss)
#   Set larger code cache with -XX:ReservedCodeCacheSize=
#   JVM is running with Unscaled Compressed Oops mode in which the Java heap is
#     placed in the first 4GB address space. The Java Heap base address is the
#     maximum limit for the native heap growth. Please use -XX:HeapBaseMinAddress
#     to set the Java Heap base and to place the Java Heap above 4GB virtual address.
# This output file may be truncated or incomplete.
#
#  Out of Memory Error (memory/allocation.inline.hpp:61), pid=28976, tid=0x0000000000003b04
#
# JRE version:  (8.0_452-b09) (build )
# Java VM: OpenJDK 64-Bit Server VM (25.452-b09 mixed mode windows-amd64 compressed oops)
# Failed to write core dump. Minidumps are not enabled by default on client versions of Windows
#

---------------  T H R E A D  ---------------

Current thread (0x000001a345877800):  JavaThread "Unknown thread" [_thread_in_vm, id=15108, stack(0x0000005b60500000,0x0000005b60600000)]

Stack: [0x0000005b60500000,0x0000005b60600000]
[error occurred during error reporting (printing stack bounds), id 0xc0000005]

Native frames: (J=compiled Java code, j=interpreted, Vv=VM code, C=native code)


---------------  P R O C E S S  ---------------

Java Threads: ( => current thread )

Other Threads:

=>0x000001a345877800 (exited) JavaThread "Unknown thread" [_thread_in_vm, id=15108, stack(0x0000005b60500000,0x0000005b60600000)]

VM state:not at safepoint (normal execution)

VM Mutex/Monitor currently owned by a thread: None

heap address: 0x00000000ff000000, size: 16 MB, Compressed Oops mode: 32-bit
Narrow klass base: 0x0000000000000000, Narrow klass shift: 3
Compressed class space size: 1073741824 Address: 0x0000000100000000

Heap:
 PSYoungGen      total 4608K, used 81K [0x00000000ffb00000, 0x0000000100000000, 0x0000000100000000)
  eden space 4096K, 2% used [0x00000000ffb00000,0x00000000ffb147b8,0x00000000fff00000)
  from space 512K, 0% used [0x00000000fff80000,0x00000000fff80000,0x0000000100000000)
  to   space 512K, 0% used [0x00000000fff00000,0x00000000fff00000,0x00000000fff80000)
 ParOldGen       total 11264K, used 0K [0x00000000ff000000, 0x00000000ffb00000, 0x00000000ffb00000)
  object space 11264K, 0% used [0x00000000ff000000,0x00000000ff000000,0x00000000ffb00000)
 Metaspace       used 779K, capacity 4480K, committed 4480K, reserved 1056768K
  class space    used 76K, capacity 384K, committed 384K, reserved 1048576K

Card table byte_map: [0x000001a345ab0000,0x000001a345ac0000] byte_map_base: 0x000001a3452b8000

Marking Bits: (ParMarkBitMap*) 0x00000000779fc930
 Begin Bits: [0x000001a345ad0000, 0x000001a345b10000)
 End Bits:   [0x000001a345b10000, 0x000001a345b50000)

Polling page: 0x000001a345a80000

CodeCache: size=245760Kb used=328Kb max_used=328Kb free=245431Kb
 bounds [0x000001a347370000, 0x000001a3475e0000, 0x000001a356370000]
 total_blobs=57 nmethods=0 adapters=38
 compilation: enabled

Compilation events (0 events):
No events

GC Heap History (0 events):
No events

Deoptimization events (0 events):
No events

Classes redefined (0 events):
No events

Internal exceptions (0 events):
No events

Events (10 events):
Event: 0.092 loading class java/lang/Short
Event: 0.092 loading class java/lang/Short done
Event: 0.092 loading class java/lang/Integer
Event: 0.092 loading class java/lang/Integer done
Event: 0.092 loading class java/lang/Long
Event: 0.092 loading class java/lang/Long done
Event: 0.095 loading class java/lang/NullPointerException
Event: 0.096 loading class java/lang/NullPointerException done
Event: 0.096 loading class java/lang/ArithmeticException
Event: 0.096 loading class java/lang/ArithmeticException done


Dynamic libraries:
0x00007ff776800000 - 0x00007ff77684d000 	C:\Users\HP\AppData\Roaming\Code\User\globalStorage\pleiades.java-extension-pack-jdk\java\8\bin\javaw.exe
0x00007ffbf5980000 - 0x00007ffbf5be0000 	C:\WINDOWS\SYSTEM32\ntdll.dll
0x00007ffbf4150000 - 0x00007ffbf4217000 	C:\WINDOWS\System32\KERNEL32.DLL
0x00007ffbf2e00000 - 0x00007ffbf31ca000 	C:\WINDOWS\System32\KERNELBASE.dll
0x00007ffbf3780000 - 0x00007ffbf3832000 	C:\WINDOWS\System32\ADVAPI32.dll
0x00007ffbf3960000 - 0x00007ffbf3a09000 	C:\WINDOWS\System32\msvcrt.dll
0x00007ffbf4580000 - 0x00007ffbf4626000 	C:\WINDOWS\System32\sechost.dll
0x00007ffbf4d60000 - 0x00007ffbf4e76000 	C:\WINDOWS\System32\RPCRT4.dll
0x00007ffbf4e80000 - 0x00007ffbf504c000 	C:\WINDOWS\System32\USER32.dll
0x00007ffbf3320000 - 0x00007ffbf3347000 	C:\WINDOWS\System32\win32u.dll
0x00007ffbf42f0000 - 0x00007ffbf431a000 	C:\WINDOWS\System32\GDI32.dll
0x00007ffbf34d0000 - 0x00007ffbf3601000 	C:\WINDOWS\System32\gdi32full.dll
0x00007ffbf2cb0000 - 0x00007ffbf2d53000 	C:\WINDOWS\System32\msvcp_win.dll
0x00007ffbf31d0000 - 0x00007ffbf331b000 	C:\WINDOWS\System32\ucrtbase.dll
0x00007ffbdcc90000 - 0x00007ffbdcf27000 	C:\WINDOWS\WinSxS\amd64_microsoft.windows.common-controls_6595b64144ccf1df_6.0.26100.3624_none_3e086962e3345f24\COMCTL32.dll
0x00007ffbf5900000 - 0x00007ffbf592f000 	C:\WINDOWS\System32\IMM32.DLL
0x00007ffbc8360000 - 0x00007ffbc837e000 	C:\Users\HP\AppData\Roaming\Code\User\globalStorage\pleiades.java-extension-pack-jdk\java\8\jre\bin\vcruntime140.dll
0x00007ffbd4b70000 - 0x00007ffbd4b7c000 	C:\Users\HP\AppData\Roaming\Code\User\globalStorage\pleiades.java-extension-pack-jdk\java\8\jre\bin\vcruntime140_1.dll
0x00007ffbb4aa0000 - 0x00007ffbb4b2d000 	C:\Users\HP\AppData\Roaming\Code\User\globalStorage\pleiades.java-extension-pack-jdk\java\8\jre\bin\msvcp140.dll
0x00000000771e0000 - 0x0000000077a76000 	C:\Users\HP\AppData\Roaming\Code\User\globalStorage\pleiades.java-extension-pack-jdk\java\8\jre\bin\server\jvm.dll
0x00007ffbf4d50000 - 0x00007ffbf4d58000 	C:\WINDOWS\System32\PSAPI.DLL
0x00007ffbde880000 - 0x00007ffbde88a000 	C:\WINDOWS\SYSTEM32\WSOCK32.dll
0x00007ffbf4490000 - 0x00007ffbf4504000 	C:\WINDOWS\System32\WS2_32.dll
0x00007ffbe7ad0000 - 0x00007ffbe7b06000 	C:\WINDOWS\SYSTEM32\WINMM.dll
0x00007ffbe2d10000 - 0x00007ffbe2d1b000 	C:\WINDOWS\SYSTEM32\VERSION.dll
0x00007ffbf1a90000 - 0x00007ffbf1aaa000 	C:\WINDOWS\SYSTEM32\kernel.appcore.dll
0x00007ffbd2b00000 - 0x00007ffbd2b10000 	C:\Users\HP\AppData\Roaming\Code\User\globalStorage\pleiades.java-extension-pack-jdk\java\8\jre\bin\verify.dll
0x00007ffbc4430000 - 0x00007ffbc445b000 	C:\Users\HP\AppData\Roaming\Code\User\globalStorage\pleiades.java-extension-pack-jdk\java\8\jre\bin\java.dll
0x00007ffbc67f0000 - 0x00007ffbc6808000 	C:\Users\HP\AppData\Roaming\Code\User\globalStorage\pleiades.java-extension-pack-jdk\java\8\jre\bin\zip.dll

VM Arguments:
jvm_args: -Xmx16m 
java_command: org.eclipse.jdt.internal.launching.support.LibraryDetector
java_class_path (initial): C:\Users\HP\AppData\Roaming\Cursor\User\globalStorage\redhat.java\1.42.0\config_win\org.eclipse.osgi\57\0\.cp\lib\launchingsupport.jar
Launcher Type: SUN_STANDARD

Environment Variables:
PATH=C:\Program Files\Common Files\Oracle\Java\javapath;C:\WINDOWS\system32;C:\WINDOWS;C:\WINDOWS\System32\Wbem;C:\WINDOWS\System32\WindowsPowerShell\v1.0\;C:\WINDOWS\System32\OpenSSH\;C:\Program Files\Java\jdk-23\bin;C:\Program Files\MySQL\MySQL Server 8.0\bin;C:\MinGW\bin;C:\Program Files\Git\cmd;C:\Program Files\openjfx-24.0.1_windows-x64_bin-sdk\javafx-sdk-24.0.1\bin;C:\Program Files\MySQL\MySQL Shell 8.0\bin\;C:\Users\HP\AppData\Local\Microsoft\WindowsApps;C:\Users\HP\AppData\Local\Programs\Microsoft VS Code\bin;C:\Users\HP\AppData\Local\GitHubDesktop\bin;C:\Users\HP\AppData\Local\Programs\cursor\resources\app\bin;
USERNAME=HP
OS=Windows_NT
PROCESSOR_IDENTIFIER=Intel64 Family 6 Model 142 Stepping 10, GenuineIntel



---------------  S Y S T E M  ---------------

OS: Windows 11 , 64 bit Build 26100 (10.0.26100.3775)

CPU:total 8 (initial active 8) (4 cores per cpu, 2 threads per core) family 6 model 142 stepping 10, cmov, cx8, fxsr, mmx, sse, sse2, sse3, ssse3, sse4.1, sse4.2, popcnt, avx, avx2, aes, clmul, erms, rtm, 3dnowpref, lzcnt, ht, tsc, tscinvbit, bmi1, bmi2, adx

Memory: 4k page, physical 8228056k(559012k free), swap 12422360k(42056k free)

vm_info: OpenJDK 64-Bit Server VM (25.452-b09) for windows-amd64 JRE (1.8.0_452-b09), built on Apr 15 2025 20:15:54 by "ContainerUser" with unknown MS VC++:1937

time: Sat Jun 21 08:07:22 2025
timezone: Pacific Standard Time
elapsed time: 0.490275 seconds (0d 0h 0m 0s)

