#
# There is insufficient memory for the Java Runtime Environment to continue.
# Native memory allocation (malloc) failed to allocate 192208 bytes. Error detail: Chunk::new
# Possible reasons:
#   The system is out of physical RAM or swap space
#   This process is running with CompressedOops enabled, and the Java Heap may be blocking the growth of the native heap
# Possible solutions:
#   Reduce memory load on the system
#   Increase physical memory or swap space
#   Check if swap backing store is full
#   Decrease Java heap size (-Xmx/-Xms)
#   Decrease number of Java threads
#   Decrease Java thread stack sizes (-Xss)
#   Set larger code cache with -XX:ReservedCodeCacheSize=
#   JVM is running with Unscaled Compressed Oops mode in which the Java heap is
#     placed in the first 4GB address space. The Java Heap base address is the
#     maximum limit for the native heap growth. Please use -XX:HeapBaseMinAddress
#     to set the Java Heap base and to place the Java Heap above 4GB virtual address.
# This output file may be truncated or incomplete.
#
#  Out of Memory Error (arena.cpp:168), pid=16340, tid=1664
#
# JRE version: OpenJDK Runtime Environment Temurin-21.0.7+6 (21.0.7+6) (build 21.0.7+6-LTS)
# Java VM: OpenJDK 64-Bit Server VM Temurin-21.0.7+6 (21.0.7+6-LTS, mixed mode, sharing, tiered, compressed oops, compressed class ptrs, parallel gc, windows-amd64)
# No core dump will be written. Minidumps are not enabled by default on client versions of Windows
#

---------------  S U M M A R Y ------------

Command Line: --add-modules=ALL-SYSTEM --add-opens=java.base/java.util=ALL-UNNAMED --add-opens=java.base/java.lang=ALL-UNNAMED --add-opens=java.base/sun.nio.fs=ALL-UNNAMED -Declipse.application=org.eclipse.jdt.ls.core.id1 -Dosgi.bundles.defaultStartLevel=4 -Declipse.product=org.eclipse.jdt.ls.core.product -Djava.import.generatesMetadataFilesAtProjectRoot=false -DDetectVMInstallationsJob.disabled=true -Dfile.encoding=utf8 -XX:+UseParallelGC -XX:GCTimeRatio=4 -XX:AdaptiveSizePolicyWeight=90 -Dsun.zip.disableMemoryMapping=true -Xmx1G -Xms100m -Xlog:disable -javaagent:c:\Users\HP\.cursor\extensions\redhat.java-1.42.0-win32-x64\lombok\lombok-1.18.36.jar -XX:+HeapDumpOnOutOfMemoryError -XX:HeapDumpPath=c:\Users\HP\AppData\Roaming\Cursor\User\workspaceStorage\e62ba6225dbbb7be1a6621217d742bc6\redhat.java -Daether.dependencyCollector.impl=bf c:\Users\HP\.cursor\extensions\redhat.java-1.42.0-win32-x64\server\plugins\org.eclipse.equinox.launcher_1.7.0.v20250424-1814.jar -configuration c:\Users\HP\AppData\Roaming\Cursor\User\globalStorage\redhat.java\1.42.0\config_win -data c:\Users\HP\AppData\Roaming\Cursor\User\workspaceStorage\e62ba6225dbbb7be1a6621217d742bc6\redhat.java\jdt_ws --pipe=\\.\pipe\lsp-7a3674a71e3c9e00e018094f05dd5213-sock

Host: Intel(R) Core(TM) i5-8350U CPU @ 1.70GHz, 8 cores, 7G,  Windows 11 , 64 bit Build 26100 (10.0.26100.3775)
Time: Sat Jun 21 08:07:42 2025 Pacific Standard Time elapsed time: 7.640125 seconds (0d 0h 0m 7s)

---------------  T H R E A D  ---------------

Current thread (0x000001fcc9673650):  JavaThread "C2 CompilerThread0" daemon [_thread_in_native, id=1664, stack(0x00000005e6e00000,0x00000005e6f00000) (1024K)]


Current CompileTask:
C2:7640 1791 %     4       java.io.WinNTFileSystem::normalize @ 58 (224 bytes)

Stack: [0x00000005e6e00000,0x00000005e6f00000]
Native frames: (J=compiled Java code, j=interpreted, Vv=VM code, C=native code)
V  [jvm.dll+0x6ce119]
V  [jvm.dll+0x8a84a1]
V  [jvm.dll+0x8aa9ce]
V  [jvm.dll+0x8ab0b3]
V  [jvm.dll+0x27f8a6]
V  [jvm.dll+0xc507d]
V  [jvm.dll+0xc55b3]
V  [jvm.dll+0x3b692c]
V  [jvm.dll+0x1dfe33]
V  [jvm.dll+0x247c42]
V  [jvm.dll+0x2470cf]
V  [jvm.dll+0x1c760e]
V  [jvm.dll+0x25695a]
V  [jvm.dll+0x254efa]
V  [jvm.dll+0x3f03f6]
V  [jvm.dll+0x851f6b]
V  [jvm.dll+0x6cc7dd]
C  [ucrtbase.dll+0x37b0]
C  [KERNEL32.DLL+0x2e8d7]
C  [ntdll.dll+0xb14fc]


---------------  P R O C E S S  ---------------

Threads class SMR info:
_java_thread_list=0x000001fd0cb22c70, length=13, elements={
0x000001fcb529bc00, 0x000001fcc964c570, 0x000001fcc96515c0, 0x000001fcc9655e40,
0x000001fcc9656b30, 0x000001fcc965ca50, 0x000001fcc9663be0, 0x000001fcc9673650,
0x000001fcc967e120, 0x000001fcc9663550, 0x000001fcc9665620, 0x000001fd0caed980,
0x000001fcc9664f90
}

Java Threads: ( => current thread )
  0x000001fcb529bc00 JavaThread "main"                              [_thread_in_native, id=7912, stack(0x00000005e6400000,0x00000005e6500000) (1024K)]
  0x000001fcc964c570 JavaThread "Reference Handler"          daemon [_thread_blocked, id=8788, stack(0x00000005e6800000,0x00000005e6900000) (1024K)]
  0x000001fcc96515c0 JavaThread "Finalizer"                  daemon [_thread_blocked, id=27784, stack(0x00000005e6900000,0x00000005e6a00000) (1024K)]
  0x000001fcc9655e40 JavaThread "Signal Dispatcher"          daemon [_thread_blocked, id=27328, stack(0x00000005e6a00000,0x00000005e6b00000) (1024K)]
  0x000001fcc9656b30 JavaThread "Attach Listener"            daemon [_thread_blocked, id=23008, stack(0x00000005e6b00000,0x00000005e6c00000) (1024K)]
  0x000001fcc965ca50 JavaThread "Service Thread"             daemon [_thread_blocked, id=21148, stack(0x00000005e6c00000,0x00000005e6d00000) (1024K)]
  0x000001fcc9663be0 JavaThread "Monitor Deflation Thread"   daemon [_thread_blocked, id=28988, stack(0x00000005e6d00000,0x00000005e6e00000) (1024K)]
=>0x000001fcc9673650 JavaThread "C2 CompilerThread0"         daemon [_thread_in_native, id=1664, stack(0x00000005e6e00000,0x00000005e6f00000) (1024K)]
  0x000001fcc967e120 JavaThread "C1 CompilerThread0"         daemon [_thread_blocked, id=11252, stack(0x00000005e6f00000,0x00000005e7000000) (1024K)]
  0x000001fcc9663550 JavaThread "Common-Cleaner"             daemon [_thread_blocked, id=4832, stack(0x00000005e7000000,0x00000005e7100000) (1024K)]
  0x000001fcc9665620 JavaThread "Notification Thread"        daemon [_thread_blocked, id=23652, stack(0x00000005e7200000,0x00000005e7300000) (1024K)]
  0x000001fd0caed980 JavaThread "C2 CompilerThread1"         daemon [_thread_in_native, id=28772, stack(0x00000005e7100000,0x00000005e7200000) (1024K)]
  0x000001fcc9664f90 JavaThread "Active Thread: Equinox Container: c5d624fd-5c9b-4433-a686-3a9e516c5d4c"        [_thread_blocked, id=28720, stack(0x00000005e7900000,0x00000005e7a00000) (1024K)]
Total: 13

Other Threads:
  0x000001fcc96325f0 VMThread "VM Thread"                           [id=25076, stack(0x00000005e6700000,0x00000005e6800000) (1024K)]
  0x000001fcc956ca00 WatcherThread "VM Periodic Task Thread"        [id=24360, stack(0x00000005e6600000,0x00000005e6700000) (1024K)]
  0x000001fcb52ba330 WorkerThread "GC Thread#0"                     [id=29516, stack(0x00000005e6500000,0x00000005e6600000) (1024K)]
  0x000001fd0c9e1ed0 WorkerThread "GC Thread#1"                     [id=20404, stack(0x00000005e7300000,0x00000005e7400000) (1024K)]
  0x000001fd0c9e2270 WorkerThread "GC Thread#2"                     [id=29496, stack(0x00000005e7400000,0x00000005e7500000) (1024K)]
  0x000001fd0c9e2610 WorkerThread "GC Thread#3"                     [id=25472, stack(0x00000005e7500000,0x00000005e7600000) (1024K)]
  0x000001fd110250e0 WorkerThread "GC Thread#4"                     [id=340, stack(0x00000005e7600000,0x00000005e7700000) (1024K)]
  0x000001fd11025480 WorkerThread "GC Thread#5"                     [id=2952, stack(0x00000005e7700000,0x00000005e7800000) (1024K)]
  0x000001fd11025820 WorkerThread "GC Thread#6"                     [id=29308, stack(0x00000005e7800000,0x00000005e7900000) (1024K)]
Total: 9

Threads with active compile tasks:
C2 CompilerThread0  7679 1791 %     4       java.io.WinNTFileSystem::normalize @ 58 (224 bytes)
C2 CompilerThread1  7679 1794       4       java.io.WinNTFileSystem::normalize (143 bytes)
Total: 2

VM state: not at safepoint (normal execution)

VM Mutex/Monitor currently owned by a thread: None

Heap address: 0x00000000c0000000, size: 1024 MB, Compressed Oops mode: 32-bit

CDS archive(s) mapped at: [0x000001fcca000000-0x000001fccaba0000-0x000001fccaba0000), size 12189696, SharedBaseAddress: 0x000001fcca000000, ArchiveRelocationMode: 1.
Compressed class space mapped at: 0x000001fccb000000-0x000001fd0b000000, reserved size: 1073741824
Narrow klass base: 0x000001fcca000000, Narrow klass shift: 0, Narrow klass range: 0x100000000

GC Precious Log:
 CardTable entry size: 512
 CPUs: 8 total, 8 available
 Memory: 8035M
 Large Page Support: Disabled
 NUMA Support: Disabled
 Compressed Oops: Enabled (32-bit)
 Alignments: Space 512K, Generation 512K, Heap 2M
 Heap Min Capacity: 100M
 Heap Initial Capacity: 100M
 Heap Max Capacity: 1G
 Pre-touch: Disabled
 Parallel Workers: 8

Heap:
 PSYoungGen      total 29696K, used 28209K [0x00000000eab00000, 0x00000000ecc00000, 0x0000000100000000)
  eden space 25600K, 97% used [0x00000000eab00000,0x00000000ec35ebd8,0x00000000ec400000)
  from space 4096K, 79% used [0x00000000ec400000,0x00000000ec72d880,0x00000000ec800000)
  to   space 4096K, 0% used [0x00000000ec800000,0x00000000ec800000,0x00000000ecc00000)
 ParOldGen       total 68608K, used 16K [0x00000000c0000000, 0x00000000c4300000, 0x00000000eab00000)
  object space 68608K, 0% used [0x00000000c0000000,0x00000000c0004000,0x00000000c4300000)
 Metaspace       used 8012K, committed 8384K, reserved 1114112K
  class space    used 805K, committed 960K, reserved 1048576K

Card table byte_map: [0x000001fcb4c40000,0x000001fcb4e50000] _byte_map_base: 0x000001fcb4640000

Marking Bits: (ParMarkBitMap*) 0x00007ffbad4c31f0
 Begin Bits: [0x000001fcc7490000, 0x000001fcc8490000)
 End Bits:   [0x000001fcc8490000, 0x000001fcc9490000)

Polling page: 0x000001fcb30c0000

Metaspace:

Usage:
  Non-class:      7.04 MB used.
      Class:    805.03 KB used.
       Both:      7.82 MB used.

Virtual space:
  Non-class space:       64.00 MB reserved,       7.25 MB ( 11%) committed,  1 nodes.
      Class space:        1.00 GB reserved,     960.00 KB ( <1%) committed,  1 nodes.
             Both:        1.06 GB reserved,       8.19 MB ( <1%) committed. 

Chunk freelists:
   Non-Class:  8.80 MB
       Class:  14.91 MB
        Both:  23.70 MB

MaxMetaspaceSize: unlimited
CompressedClassSpaceSize: 1.00 GB
Initial GC threshold: 21.00 MB
Current GC threshold: 21.00 MB
CDS: on
 - commit_granule_bytes: 65536.
 - commit_granule_words: 8192.
 - virtual_space_node_default_size: 8388608.
 - enlarge_chunks_in_place: 1.
 - use_allocation_guard: 0.


Internal statistics:

num_allocs_failed_limit: 0.
num_arena_births: 256.
num_arena_deaths: 0.
num_vsnodes_births: 2.
num_vsnodes_deaths: 0.
num_space_committed: 131.
num_space_uncommitted: 0.
num_chunks_returned_to_freelist: 0.
num_chunks_taken_from_freelist: 433.
num_chunk_merges: 0.
num_chunk_splits: 293.
num_chunks_enlarged: 199.
num_inconsistent_stats: 0.

CodeHeap 'non-profiled nmethods': size=120000Kb used=843Kb max_used=843Kb free=119156Kb
 bounds [0x000001fcbff60000, 0x000001fcc01d0000, 0x000001fcc7490000]
CodeHeap 'profiled nmethods': size=120000Kb used=3239Kb max_used=3239Kb free=116760Kb
 bounds [0x000001fcb8490000, 0x000001fcb87c0000, 0x000001fcbf9c0000]
CodeHeap 'non-nmethods': size=5760Kb used=1219Kb max_used=1268Kb free=4540Kb
 bounds [0x000001fcbf9c0000, 0x000001fcbfc30000, 0x000001fcbff60000]
 total_blobs=2298 nmethods=1814 adapters=391
 compilation: enabled
              stopped_count=0, restarted_count=0
 full_count=0

Compilation events (20 events):
Event: 5.609 Thread 0x000001fcc967e120 nmethod 1803 0x000001fcb87ab910 code [0x000001fcb87abba0, 0x000001fcb87ac5e8]
Event: 5.610 Thread 0x000001fcc967e120 1804       3       java.net.URL::<init> (438 bytes)
Event: 5.613 Thread 0x000001fcc967e120 nmethod 1804 0x000001fcb87aca90 code [0x000001fcb87ad160, 0x000001fcb87b04d8]
Event: 5.613 Thread 0x000001fcc967e120 1805       3       java.io.File::exists (34 bytes)
Event: 5.614 Thread 0x000001fcc967e120 nmethod 1805 0x000001fcb87b1910 code [0x000001fcb87b1b00, 0x000001fcb87b1f08]
Event: 5.614 Thread 0x000001fcc967e120 1807       3       java.util.Collections::emptyIterator (4 bytes)
Event: 5.614 Thread 0x000001fcc967e120 nmethod 1807 0x000001fcb87b2090 code [0x000001fcb87b2220, 0x000001fcb87b2318]
Event: 5.614 Thread 0x000001fcc967e120 1808       3       java.io.File::slashify (84 bytes)
Event: 5.615 Thread 0x000001fcc967e120 nmethod 1808 0x000001fcb87b2390 code [0x000001fcb87b26a0, 0x000001fcb87b33e8]
Event: 5.617 Thread 0x000001fcc967e120 1809       3       java.util.StringTokenizer::<init> (52 bytes)
Event: 5.618 Thread 0x000001fcc967e120 nmethod 1809 0x000001fcb87b3990 code [0x000001fcb87b3b60, 0x000001fcb87b3e50]
Event: 5.618 Thread 0x000001fcc967e120 1810       3       java.io.File::<init> (111 bytes)
Event: 5.619 Thread 0x000001fcc967e120 nmethod 1810 0x000001fcb87b4010 code [0x000001fcb87b42c0, 0x000001fcb87b4d40]
Event: 5.621 Thread 0x000001fcc967e120 1811       3       org.eclipse.osgi.internal.framework.EquinoxConfiguration::getProperty (9 bytes)
Event: 5.621 Thread 0x000001fcc967e120 nmethod 1811 0x000001fcb87b5190 code [0x000001fcb87b53e0, 0x000001fcb87b5b78]
Event: 5.621 Thread 0x000001fcc967e120 1812       3       org.eclipse.osgi.internal.framework.EquinoxConfiguration$ConfigValues::getProperty (31 bytes)
Event: 5.622 Thread 0x000001fcc967e120 nmethod 1812 0x000001fcb87b5e10 code [0x000001fcb87b60a0, 0x000001fcb87b6b18]
Event: 5.622 Thread 0x000001fcc967e120 1813       3       org.eclipse.osgi.internal.framework.BundleContextImpl::getProperty (25 bytes)
Event: 5.622 Thread 0x000001fcc967e120 nmethod 1813 0x000001fcb87b6e90 code [0x000001fcb87b70a0, 0x000001fcb87b7638]
Event: 5.622 Thread 0x000001fcc967e120 1814       3       org.eclipse.core.runtime.adaptor.EclipseStarter::createURL (52 bytes)

GC Heap History (2 events):
Event: 2.819 GC heap before
{Heap before GC invocations=1 (full 0):
 PSYoungGen      total 29696K, used 25600K [0x00000000eab00000, 0x00000000ecc00000, 0x0000000100000000)
  eden space 25600K, 100% used [0x00000000eab00000,0x00000000ec400000,0x00000000ec400000)
  from space 4096K, 0% used [0x00000000ec800000,0x00000000ec800000,0x00000000ecc00000)
  to   space 4096K, 0% used [0x00000000ec400000,0x00000000ec400000,0x00000000ec800000)
 ParOldGen       total 68608K, used 0K [0x00000000c0000000, 0x00000000c4300000, 0x00000000eab00000)
  object space 68608K, 0% used [0x00000000c0000000,0x00000000c0000000,0x00000000c4300000)
 Metaspace       used 4346K, committed 4608K, reserved 1114112K
  class space    used 458K, committed 576K, reserved 1048576K
}
Event: 2.833 GC heap after
{Heap after GC invocations=1 (full 0):
 PSYoungGen      total 29696K, used 3254K [0x00000000eab00000, 0x00000000ecc00000, 0x0000000100000000)
  eden space 25600K, 0% used [0x00000000eab00000,0x00000000eab00000,0x00000000ec400000)
  from space 4096K, 79% used [0x00000000ec400000,0x00000000ec72d880,0x00000000ec800000)
  to   space 4096K, 0% used [0x00000000ec800000,0x00000000ec800000,0x00000000ecc00000)
 ParOldGen       total 68608K, used 16K [0x00000000c0000000, 0x00000000c4300000, 0x00000000eab00000)
  object space 68608K, 0% used [0x00000000c0000000,0x00000000c0004000,0x00000000c4300000)
 Metaspace       used 4346K, committed 4608K, reserved 1114112K
  class space    used 458K, committed 576K, reserved 1048576K
}

Dll operation events (8 events):
Event: 0.030 Loaded shared library c:\Users\HP\.cursor\extensions\redhat.java-1.42.0-win32-x64\jre\21.0.7-win32-x86_64\bin\java.dll
Event: 0.617 Loaded shared library c:\Users\HP\.cursor\extensions\redhat.java-1.42.0-win32-x64\jre\21.0.7-win32-x86_64\bin\zip.dll
Event: 0.714 Loaded shared library C:\Users\HP\.cursor\extensions\redhat.java-1.42.0-win32-x64\jre\21.0.7-win32-x86_64\bin\instrument.dll
Event: 0.727 Loaded shared library C:\Users\HP\.cursor\extensions\redhat.java-1.42.0-win32-x64\jre\21.0.7-win32-x86_64\bin\net.dll
Event: 0.732 Loaded shared library C:\Users\HP\.cursor\extensions\redhat.java-1.42.0-win32-x64\jre\21.0.7-win32-x86_64\bin\nio.dll
Event: 0.740 Loaded shared library C:\Users\HP\.cursor\extensions\redhat.java-1.42.0-win32-x64\jre\21.0.7-win32-x86_64\bin\zip.dll
Event: 0.790 Loaded shared library C:\Users\HP\.cursor\extensions\redhat.java-1.42.0-win32-x64\jre\21.0.7-win32-x86_64\bin\jimage.dll
Event: 1.007 Loaded shared library c:\Users\HP\.cursor\extensions\redhat.java-1.42.0-win32-x64\jre\21.0.7-win32-x86_64\bin\verify.dll

Deoptimization events (20 events):
Event: 4.192 Thread 0x000001fcb529bc00 DEOPT PACKING pc=0x000001fcbff98f84 sp=0x00000005e64f85d0
Event: 4.192 Thread 0x000001fcb529bc00 DEOPT UNPACKING pc=0x000001fcbfa13aa2 sp=0x00000005e64f8580 mode 2
Event: 5.467 Thread 0x000001fcb529bc00 Uncommon trap: trap_request=0xffffff45 fr.pc=0x000001fcbffec5d0 relative=0x00000000000000b0
Event: 5.467 Thread 0x000001fcb529bc00 Uncommon trap: reason=unstable_if action=reinterpret pc=0x000001fcbffec5d0 method=java.util.concurrent.locks.ReentrantLock$NonfairSync.initialTryLock()Z @ 10 c2
Event: 5.467 Thread 0x000001fcb529bc00 DEOPT PACKING pc=0x000001fcbffec5d0 sp=0x00000005e64fea00
Event: 5.467 Thread 0x000001fcb529bc00 DEOPT UNPACKING pc=0x000001fcbfa13aa2 sp=0x00000005e64fe990 mode 2
Event: 5.468 Thread 0x000001fcb529bc00 Uncommon trap: trap_request=0xffffff45 fr.pc=0x000001fcc00209b4 relative=0x00000000000000f4
Event: 5.468 Thread 0x000001fcb529bc00 Uncommon trap: reason=unstable_if action=reinterpret pc=0x000001fcc00209b4 method=java.util.concurrent.locks.ReentrantLock$Sync.tryRelease(I)Z @ 26 c2
Event: 5.468 Thread 0x000001fcb529bc00 DEOPT PACKING pc=0x000001fcc00209b4 sp=0x00000005e64feb20
Event: 5.468 Thread 0x000001fcb529bc00 DEOPT UNPACKING pc=0x000001fcbfa13aa2 sp=0x00000005e64fe9e0 mode 2
Event: 5.561 Thread 0x000001fcb529bc00 Uncommon trap: trap_request=0xffffff45 fr.pc=0x000001fcc001dde4 relative=0x00000000000000c4
Event: 5.561 Thread 0x000001fcb529bc00 Uncommon trap: reason=unstable_if action=reinterpret pc=0x000001fcc001dde4 method=java.util.LinkedHashMap.afterNodeAccess(Ljava/util/HashMap$Node;)V @ 19 c2
Event: 5.561 Thread 0x000001fcb529bc00 DEOPT PACKING pc=0x000001fcc001dde4 sp=0x00000005e64fced0
Event: 5.561 Thread 0x000001fcb529bc00 DEOPT UNPACKING pc=0x000001fcbfa13aa2 sp=0x00000005e64fce38 mode 2
Event: 5.561 Thread 0x000001fcb529bc00 DEOPT PACKING pc=0x000001fcb8593b8b sp=0x00000005e64fc9a0
Event: 5.561 Thread 0x000001fcb529bc00 DEOPT UNPACKING pc=0x000001fcbfa14242 sp=0x00000005e64fbe18 mode 0
Event: 5.562 Thread 0x000001fcb529bc00 DEOPT PACKING pc=0x000001fcb858f806 sp=0x00000005e64fc460
Event: 5.562 Thread 0x000001fcb529bc00 DEOPT UNPACKING pc=0x000001fcbfa14242 sp=0x00000005e64fb8e0 mode 0
Event: 5.563 Thread 0x000001fcb529bc00 DEOPT PACKING pc=0x000001fcb858f806 sp=0x00000005e64fc6b0
Event: 5.563 Thread 0x000001fcb529bc00 DEOPT UNPACKING pc=0x000001fcbfa14242 sp=0x00000005e64fbb30 mode 0

Classes loaded (20 events):
Event: 5.557 Loading class java/security/KeyStoreException
Event: 5.557 Loading class java/security/KeyStoreException done
Event: 5.579 Loading class java/util/LinkedList$Node
Event: 5.579 Loading class java/util/LinkedList$Node done
Event: 5.579 Loading class java/util/LinkedList$ListItr
Event: 5.579 Loading class java/util/LinkedList$ListItr done
Event: 5.580 Loading class java/lang/Thread$Builder$OfPlatform
Event: 5.580 Loading class java/lang/Thread$Builder
Event: 5.580 Loading class java/lang/Thread$Builder done
Event: 5.580 Loading class java/lang/Thread$Builder$OfPlatform done
Event: 5.580 Loading class java/lang/Thread$Builder$OfVirtual
Event: 5.580 Loading class java/lang/Thread$Builder$OfVirtual done
Event: 5.592 Loading class sun/nio/fs/WindowsChannelFactory
Event: 5.592 Loading class sun/nio/fs/WindowsChannelFactory done
Event: 5.592 Loading class sun/nio/fs/WindowsChannelFactory$1
Event: 5.592 Loading class sun/nio/fs/WindowsChannelFactory$1 done
Event: 5.592 Loading class sun/nio/fs/WindowsChannelFactory$Flags
Event: 5.592 Loading class sun/nio/fs/WindowsChannelFactory$Flags done
Event: 5.592 Loading class sun/nio/ch/FileChannelImpl$Closer
Event: 5.592 Loading class sun/nio/ch/FileChannelImpl$Closer done

Classes unloaded (0 events):
No events

Classes redefined (0 events):
No events

Internal exceptions (20 events):
Event: 2.789 Thread 0x000001fcb529bc00 Exception <a 'java/lang/ClassNotFoundException'{0x00000000ec3bfd68}: sun/net/www/protocol/c/Handler> (0x00000000ec3bfd68) 
thrown [s\src\hotspot\share\classfile\systemDictionary.cpp, line 312]
Event: 2.791 Thread 0x000001fcb529bc00 Exception <a 'java/lang/ClassNotFoundException'{0x00000000ec3c1160}: sun/net/www/protocol/c/Handler> (0x00000000ec3c1160) 
thrown [s\src\hotspot\share\classfile\systemDictionary.cpp, line 312]
Event: 2.792 Thread 0x000001fcb529bc00 Exception <a 'java/lang/ClassNotFoundException'{0x00000000ec3c23e8}: sun/net/www/protocol/c/Handler> (0x00000000ec3c23e8) 
thrown [s\src\hotspot\share\classfile\systemDictionary.cpp, line 312]
Event: 2.810 Thread 0x000001fcb529bc00 Exception <a 'java/io/FileNotFoundException'{0x00000000ec3ec0a0}> (0x00000000ec3ec0a0) 
thrown [s\src\hotspot\share\prims\jni.cpp, line 520]
Event: 2.983 Thread 0x000001fcb529bc00 Implicit null exception at 0x000001fcbffc4349 to 0x000001fcbffc4cfc
Event: 2.984 Thread 0x000001fcb529bc00 Implicit null exception at 0x000001fcbffd1a20 to 0x000001fcbffd1c4c
Event: 2.985 Thread 0x000001fcb529bc00 Exception <a 'java/lang/NoSuchMethodError'{0x00000000eac979f0}: 'void java.lang.invoke.DirectMethodHandle$Holder.invokeStatic(java.lang.Object, java.lang.Object, java.lang.Object, java.lang.Object)'> (0x00000000eac979f0) 
thrown [s\src\hotspot\share\interpreter\linkResolver.cpp, line 773]
Event: 2.987 Thread 0x000001fcb529bc00 Implicit null exception at 0x000001fcbffd79a0 to 0x000001fcbffd7bc0
Event: 2.987 Thread 0x000001fcb529bc00 Implicit null exception at 0x000001fcbffc5740 to 0x000001fcbffc57c5
Event: 3.388 Thread 0x000001fcb529bc00 Exception <a 'java/lang/NoSuchMethodError'{0x00000000eae54600}: 'long java.lang.invoke.DirectMethodHandle$Holder.invokeStatic(java.lang.Object, java.lang.Object, int)'> (0x00000000eae54600) 
thrown [s\src\hotspot\share\interpreter\linkResolver.cpp, line 773]
Event: 3.392 Thread 0x000001fcb529bc00 Exception <a 'java/lang/NoSuchMethodError'{0x00000000eae5bff0}: 'java.lang.Object java.lang.invoke.DirectMethodHandle$Holder.invokeSpecial(java.lang.Object, java.lang.Object, java.lang.Object, java.lang.Object, long)'> (0x00000000eae5bff0) 
thrown [s\src\hotspot\share\interpreter\linkResolver.cpp, line 773]
Event: 3.397 Thread 0x000001fcb529bc00 Exception <a 'java/lang/NoSuchMethodError'{0x00000000eae699e8}: 'java.lang.Object java.lang.invoke.DirectMethodHandle$Holder.invokeSpecial(java.lang.Object, java.lang.Object, java.lang.Object, int, java.lang.Object)'> (0x00000000eae699e8) 
thrown [s\src\hotspot\share\interpreter\linkResolver.cpp, line 773]
Event: 3.441 Thread 0x000001fcb529bc00 Exception <a 'java/lang/NoSuchMethodError'{0x00000000eae93240}: 'int java.lang.invoke.DirectMethodHandle$Holder.invokeStaticInit(java.lang.Object, java.lang.Object, java.lang.Object, java.lang.Object)'> (0x00000000eae93240) 
thrown [s\src\hotspot\share\interpreter\linkResolver.cpp, line 773]
Event: 3.445 Thread 0x000001fcb529bc00 Exception <a 'java/lang/IncompatibleClassChangeError'{0x00000000eae9b740}: Found class java.lang.Object, but interface was expected> (0x00000000eae9b740) 
thrown [s\src\hotspot\share\interpreter\linkResolver.cpp, line 840]
Event: 3.447 Thread 0x000001fcb529bc00 Exception <a 'java/lang/NoSuchMethodError'{0x00000000eae9f8e0}: 'void java.lang.invoke.DirectMethodHandle$Holder.invokeStaticInit(java.lang.Object, java.lang.Object)'> (0x00000000eae9f8e0) 
thrown [s\src\hotspot\share\interpreter\linkResolver.cpp, line 773]
Event: 3.458 Thread 0x000001fcb529bc00 Exception <a 'java/lang/NoSuchMethodError'{0x00000000eaea6958}: 'int java.lang.invoke.DirectMethodHandle$Holder.invokeStaticInit(java.lang.Object, java.lang.Object)'> (0x00000000eaea6958) 
thrown [s\src\hotspot\share\interpreter\linkResolver.cpp, line 773]
Event: 3.575 Thread 0x000001fcb529bc00 Exception <a 'java/lang/NoSuchMethodError'{0x00000000eb008320}: 'void java.lang.invoke.DirectMethodHandle$Holder.invokeSpecial(java.lang.Object, java.lang.Object, java.lang.Object)'> (0x00000000eb008320) 
thrown [s\src\hotspot\share\interpreter\linkResolver.cpp, line 773]
Event: 5.442 Thread 0x000001fcb529bc00 Exception <a 'java/lang/NoSuchMethodError'{0x00000000eb9ffae8}: 'int java.lang.invoke.DirectMethodHandle$Holder.invokeVirtual(java.lang.Object, java.lang.Object)'> (0x00000000eb9ffae8) 
thrown [s\src\hotspot\share\interpreter\linkResolver.cpp, line 773]
Event: 5.512 Thread 0x000001fcb529bc00 Exception <a 'java/lang/NoSuchMethodError'{0x00000000ebd6d370}: 'java.lang.Object java.lang.invoke.DirectMethodHandle$Holder.newInvokeSpecial(java.lang.Object, int, java.lang.Object)'> (0x00000000ebd6d370) 
thrown [s\src\hotspot\share\interpreter\linkResolver.cpp, line 773]
Event: 5.536 Thread 0x000001fcb529bc00 Exception <a 'java/lang/NoSuchMethodError'{0x00000000ebeee1f0}: 'java.lang.Object java.lang.invoke.DirectMethodHandle$Holder.newInvokeSpecial(java.lang.Object, java.lang.Object, java.lang.Object, java.lang.Object, int, java.lang.Object)'> (0x00000000ebeee1f0) 
thrown [s\src\hotspot\share\interpreter\linkResolver.cpp, line 773]

ZGC Phase Switch (0 events):
No events

VM Operations (20 events):
Event: 1.770 Executing VM operation: HandshakeAllThreads (Deoptimize) done
Event: 1.770 Executing VM operation: Cleanup
Event: 1.770 Executing VM operation: Cleanup done
Event: 1.861 Executing VM operation: HandshakeAllThreads (Deoptimize)
Event: 1.861 Executing VM operation: HandshakeAllThreads (Deoptimize) done
Event: 2.715 Executing VM operation: HandshakeAllThreads (Deoptimize)
Event: 2.715 Executing VM operation: HandshakeAllThreads (Deoptimize) done
Event: 2.819 Executing VM operation: ParallelGCFailedAllocation (Allocation Failure)
Event: 2.833 Executing VM operation: ParallelGCFailedAllocation (Allocation Failure) done
Event: 3.843 Executing VM operation: Cleanup
Event: 3.859 Executing VM operation: Cleanup done
Event: 4.874 Executing VM operation: Cleanup
Event: 5.279 Executing VM operation: Cleanup done
Event: 5.494 Executing VM operation: HandshakeAllThreads (Deoptimize)
Event: 5.494 Executing VM operation: HandshakeAllThreads (Deoptimize) done
Event: 5.502 Executing VM operation: HandshakeAllThreads (Deoptimize)
Event: 5.502 Executing VM operation: HandshakeAllThreads (Deoptimize) done
Event: 5.534 Executing VM operation: HandshakeAllThreads (Deoptimize)
Event: 5.534 Executing VM operation: HandshakeAllThreads (Deoptimize) done
Event: 6.535 Executing VM operation: Cleanup

Memory protections (0 events):
No events

Nmethod flushes (0 events):
No events

Events (20 events):
Event: 0.141 Thread 0x000001fcb529bc00 Thread added: 0x000001fcc964c570
Event: 0.142 Thread 0x000001fcb529bc00 Thread added: 0x000001fcc96515c0
Event: 0.143 Thread 0x000001fcb529bc00 Thread added: 0x000001fcc9655e40
Event: 0.143 Thread 0x000001fcb529bc00 Thread added: 0x000001fcc9656b30
Event: 0.143 Thread 0x000001fcb529bc00 Thread added: 0x000001fcc965ca50
Event: 0.143 Thread 0x000001fcb529bc00 Thread added: 0x000001fcc9663be0
Event: 0.143 Thread 0x000001fcb529bc00 Thread added: 0x000001fcc9673650
Event: 0.144 Thread 0x000001fcb529bc00 Thread added: 0x000001fcc967e120
Event: 0.243 Thread 0x000001fcb529bc00 Thread added: 0x000001fcc9663550
Event: 0.996 Thread 0x000001fcc967e120 Thread added: 0x000001fd0c3acf70
Event: 1.227 Thread 0x000001fcb529bc00 Thread added: 0x000001fcc9665620
Event: 1.532 Thread 0x000001fcc9673650 Thread added: 0x000001fd0c4fe5f0
Event: 2.279 Thread 0x000001fd0c4fe5f0 Thread exited: 0x000001fd0c4fe5f0
Event: 2.834 Thread 0x000001fd0c3acf70 Thread exited: 0x000001fd0c3acf70
Event: 3.718 Thread 0x000001fcc967e120 Thread added: 0x000001fd0caecf90
Event: 3.731 Thread 0x000001fcc967e120 Thread added: 0x000001fd0caed980
Event: 4.204 Thread 0x000001fd0caed980 Thread exited: 0x000001fd0caed980
Event: 4.205 Thread 0x000001fd0caecf90 Thread exited: 0x000001fd0caecf90
Event: 5.374 Thread 0x000001fcc967e120 Thread added: 0x000001fd0caed980
Event: 5.486 Thread 0x000001fcb529bc00 Thread added: 0x000001fcc9664f90


Dynamic libraries:
0x00007ff622940000 - 0x00007ff62294e000 	c:\Users\HP\.cursor\extensions\redhat.java-1.42.0-win32-x64\jre\21.0.7-win32-x86_64\bin\java.exe
0x00007ffbf5980000 - 0x00007ffbf5be0000 	C:\WINDOWS\SYSTEM32\ntdll.dll
0x00007ffbf4150000 - 0x00007ffbf4217000 	C:\WINDOWS\System32\KERNEL32.DLL
0x00007ffbf2e00000 - 0x00007ffbf31ca000 	C:\WINDOWS\System32\KERNELBASE.dll
0x00007ffbf31d0000 - 0x00007ffbf331b000 	C:\WINDOWS\System32\ucrtbase.dll
0x00007ffbd5e60000 - 0x00007ffbd5e78000 	c:\Users\HP\.cursor\extensions\redhat.java-1.42.0-win32-x64\jre\21.0.7-win32-x86_64\bin\jli.dll
0x00007ffbd3fc0000 - 0x00007ffbd3fde000 	c:\Users\HP\.cursor\extensions\redhat.java-1.42.0-win32-x64\jre\21.0.7-win32-x86_64\bin\VCRUNTIME140.dll
0x00007ffbf4e80000 - 0x00007ffbf504c000 	C:\WINDOWS\System32\USER32.dll
0x00007ffbdcc90000 - 0x00007ffbdcf27000 	C:\WINDOWS\WinSxS\amd64_microsoft.windows.common-controls_6595b64144ccf1df_6.0.26100.3624_none_3e086962e3345f24\COMCTL32.dll
0x00007ffbf3320000 - 0x00007ffbf3347000 	C:\WINDOWS\System32\win32u.dll
0x00007ffbf3960000 - 0x00007ffbf3a09000 	C:\WINDOWS\System32\msvcrt.dll
0x00007ffbf42f0000 - 0x00007ffbf431a000 	C:\WINDOWS\System32\GDI32.dll
0x00007ffbf34d0000 - 0x00007ffbf3601000 	C:\WINDOWS\System32\gdi32full.dll
0x00007ffbf2cb0000 - 0x00007ffbf2d53000 	C:\WINDOWS\System32\msvcp_win.dll
0x00007ffbf5900000 - 0x00007ffbf592f000 	C:\WINDOWS\System32\IMM32.DLL
0x00007ffbdcb60000 - 0x00007ffbdcb6c000 	c:\Users\HP\.cursor\extensions\redhat.java-1.42.0-win32-x64\jre\21.0.7-win32-x86_64\bin\vcruntime140_1.dll
0x00007ffbb54a0000 - 0x00007ffbb552d000 	c:\Users\HP\.cursor\extensions\redhat.java-1.42.0-win32-x64\jre\21.0.7-win32-x86_64\bin\msvcp140.dll
0x00007ffbac810000 - 0x00007ffbad5a0000 	c:\Users\HP\.cursor\extensions\redhat.java-1.42.0-win32-x64\jre\21.0.7-win32-x86_64\bin\server\jvm.dll
0x00007ffbf3780000 - 0x00007ffbf3832000 	C:\WINDOWS\System32\ADVAPI32.dll
0x00007ffbf4580000 - 0x00007ffbf4626000 	C:\WINDOWS\System32\sechost.dll
0x00007ffbf4d60000 - 0x00007ffbf4e76000 	C:\WINDOWS\System32\RPCRT4.dll
0x00007ffbf4490000 - 0x00007ffbf4504000 	C:\WINDOWS\System32\WS2_32.dll
0x00007ffbf17f0000 - 0x00007ffbf184e000 	C:\WINDOWS\SYSTEM32\POWRPROF.dll
0x00007ffbe7ad0000 - 0x00007ffbe7b06000 	C:\WINDOWS\SYSTEM32\WINMM.dll
0x00007ffbe2d10000 - 0x00007ffbe2d1b000 	C:\WINDOWS\SYSTEM32\VERSION.dll
0x00007ffbf17d0000 - 0x00007ffbf17e4000 	C:\WINDOWS\SYSTEM32\UMPDC.dll
0x00007ffbf1a90000 - 0x00007ffbf1aaa000 	C:\WINDOWS\SYSTEM32\kernel.appcore.dll
0x00007ffbda210000 - 0x00007ffbda21a000 	c:\Users\HP\.cursor\extensions\redhat.java-1.42.0-win32-x64\jre\21.0.7-win32-x86_64\bin\jimage.dll
0x00007ffbf0530000 - 0x00007ffbf0771000 	C:\WINDOWS\SYSTEM32\DBGHELP.DLL
0x00007ffbf4790000 - 0x00007ffbf4b12000 	C:\WINDOWS\System32\combase.dll
0x00007ffbf3840000 - 0x00007ffbf3916000 	C:\WINDOWS\System32\OLEAUT32.dll
0x00007ffbdaa70000 - 0x00007ffbdaaa9000 	C:\WINDOWS\SYSTEM32\dbgcore.DLL
0x00007ffbf2d60000 - 0x00007ffbf2df9000 	C:\WINDOWS\System32\bcryptPrimitives.dll
0x00007ffbda150000 - 0x00007ffbda15f000 	c:\Users\HP\.cursor\extensions\redhat.java-1.42.0-win32-x64\jre\21.0.7-win32-x86_64\bin\instrument.dll
0x00007ffbd09c0000 - 0x00007ffbd09df000 	c:\Users\HP\.cursor\extensions\redhat.java-1.42.0-win32-x64\jre\21.0.7-win32-x86_64\bin\java.dll
0x00007ffbf3a10000 - 0x00007ffbf4139000 	C:\WINDOWS\System32\SHELL32.dll
0x00007ffbf3610000 - 0x00007ffbf3778000 	C:\WINDOWS\System32\wintypes.dll
0x00007ffbf0860000 - 0x00007ffbf10b2000 	C:\WINDOWS\SYSTEM32\windows.storage.dll
0x00007ffbf43a0000 - 0x00007ffbf448d000 	C:\WINDOWS\System32\SHCORE.dll
0x00007ffbf4510000 - 0x00007ffbf4574000 	C:\WINDOWS\System32\shlwapi.dll
0x00007ffbf2a70000 - 0x00007ffbf2a9f000 	C:\WINDOWS\SYSTEM32\profapi.dll
0x00007ffbcec20000 - 0x00007ffbcec38000 	c:\Users\HP\.cursor\extensions\redhat.java-1.42.0-win32-x64\jre\21.0.7-win32-x86_64\bin\zip.dll
0x00007ffbd9890000 - 0x00007ffbd98a0000 	C:\Users\HP\.cursor\extensions\redhat.java-1.42.0-win32-x64\jre\21.0.7-win32-x86_64\bin\net.dll
0x00007ffbe26f0000 - 0x00007ffbe280d000 	C:\WINDOWS\SYSTEM32\WINHTTP.dll
0x00007ffbf1fb0000 - 0x00007ffbf201a000 	C:\WINDOWS\system32\mswsock.dll
0x00007ffbcc150000 - 0x00007ffbcc166000 	C:\Users\HP\.cursor\extensions\redhat.java-1.42.0-win32-x64\jre\21.0.7-win32-x86_64\bin\nio.dll
0x00007ffbd77a0000 - 0x00007ffbd77b0000 	c:\Users\HP\.cursor\extensions\redhat.java-1.42.0-win32-x64\jre\21.0.7-win32-x86_64\bin\verify.dll

dbghelp: loaded successfully - version: 4.0.5 - missing functions: none
symbol engine: initialized successfully - sym options: 0x614 - pdb path: .;c:\Users\HP\.cursor\extensions\redhat.java-1.42.0-win32-x64\jre\21.0.7-win32-x86_64\bin;C:\WINDOWS\SYSTEM32;C:\WINDOWS\WinSxS\amd64_microsoft.windows.common-controls_6595b64144ccf1df_6.0.26100.3624_none_3e086962e3345f24;c:\Users\HP\.cursor\extensions\redhat.java-1.42.0-win32-x64\jre\21.0.7-win32-x86_64\bin\server

VM Arguments:
jvm_args: --add-modules=ALL-SYSTEM --add-opens=java.base/java.util=ALL-UNNAMED --add-opens=java.base/java.lang=ALL-UNNAMED --add-opens=java.base/sun.nio.fs=ALL-UNNAMED -Declipse.application=org.eclipse.jdt.ls.core.id1 -Dosgi.bundles.defaultStartLevel=4 -Declipse.product=org.eclipse.jdt.ls.core.product -Djava.import.generatesMetadataFilesAtProjectRoot=false -DDetectVMInstallationsJob.disabled=true -Dfile.encoding=utf8 -XX:+UseParallelGC -XX:GCTimeRatio=4 -XX:AdaptiveSizePolicyWeight=90 -Dsun.zip.disableMemoryMapping=true -Xmx1G -Xms100m -Xlog:disable -javaagent:c:\Users\HP\.cursor\extensions\redhat.java-1.42.0-win32-x64\lombok\lombok-1.18.36.jar -XX:+HeapDumpOnOutOfMemoryError -XX:HeapDumpPath=c:\Users\HP\AppData\Roaming\Cursor\User\workspaceStorage\e62ba6225dbbb7be1a6621217d742bc6\redhat.java -Daether.dependencyCollector.impl=bf 
java_command: c:\Users\HP\.cursor\extensions\redhat.java-1.42.0-win32-x64\server\plugins\org.eclipse.equinox.launcher_1.7.0.v20250424-1814.jar -configuration c:\Users\HP\AppData\Roaming\Cursor\User\globalStorage\redhat.java\1.42.0\config_win -data c:\Users\HP\AppData\Roaming\Cursor\User\workspaceStorage\e62ba6225dbbb7be1a6621217d742bc6\redhat.java\jdt_ws --pipe=\\.\pipe\lsp-7a3674a71e3c9e00e018094f05dd5213-sock
java_class_path (initial): c:\Users\HP\.cursor\extensions\redhat.java-1.42.0-win32-x64\server\plugins\org.eclipse.equinox.launcher_1.7.0.v20250424-1814.jar
Launcher Type: SUN_STANDARD

[Global flags]
    uintx AdaptiveSizePolicyWeight                 = 90                                        {product} {command line}
     intx CICompilerCount                          = 4                                         {product} {ergonomic}
    uintx GCTimeRatio                              = 4                                         {product} {command line}
     bool HeapDumpOnOutOfMemoryError               = true                                   {manageable} {command line}
    ccstr HeapDumpPath                             = c:\Users\HP\AppData\Roaming\Cursor\User\workspaceStorage\e62ba6225dbbb7be1a6621217d742bc6\redhat.java         {manageable} {command line}
   size_t InitialHeapSize                          = 104857600                                 {product} {command line}
   size_t MaxHeapSize                              = 1073741824                                {product} {command line}
   size_t MaxNewSize                               = 357564416                                 {product} {ergonomic}
   size_t MinHeapDeltaBytes                        = 524288                                    {product} {ergonomic}
   size_t MinHeapSize                              = 104857600                                 {product} {command line}
   size_t NewSize                                  = 34603008                                  {product} {ergonomic}
    uintx NonNMethodCodeHeapSize                   = 5839372                                {pd product} {ergonomic}
    uintx NonProfiledCodeHeapSize                  = 122909434                              {pd product} {ergonomic}
   size_t OldSize                                  = 70254592                                  {product} {ergonomic}
    uintx ProfiledCodeHeapSize                     = 122909434                              {pd product} {ergonomic}
    uintx ReservedCodeCacheSize                    = 251658240                              {pd product} {ergonomic}
     bool SegmentedCodeCache                       = true                                      {product} {ergonomic}
   size_t SoftMaxHeapSize                          = 1073741824                             {manageable} {ergonomic}
     bool UseCompressedOops                        = true                           {product lp64_product} {ergonomic}
     bool UseLargePagesIndividualAllocation        = false                                  {pd product} {ergonomic}
     bool UseParallelGC                            = true                                      {product} {command line}

Logging:
Log output configuration:
 #0: stdout all=off uptime,level,tags foldmultilines=false
 #1: stderr all=off uptime,level,tags foldmultilines=false

Environment Variables:
PATH=C:\Program Files\Common Files\Oracle\Java\javapath;C:\WINDOWS\system32;C:\WINDOWS;C:\WINDOWS\System32\Wbem;C:\WINDOWS\System32\WindowsPowerShell\v1.0\;C:\WINDOWS\System32\OpenSSH\;C:\Program Files\Java\jdk-23\bin;C:\Program Files\MySQL\MySQL Server 8.0\bin;C:\MinGW\bin;C:\Program Files\Git\cmd;C:\Program Files\openjfx-24.0.1_windows-x64_bin-sdk\javafx-sdk-24.0.1\bin;C:\Program Files\MySQL\MySQL Shell 8.0\bin\;C:\Users\HP\AppData\Local\Microsoft\WindowsApps;C:\Users\HP\AppData\Local\Programs\Microsoft VS Code\bin;C:\Users\HP\AppData\Local\GitHubDesktop\bin;C:\Users\HP\AppData\Local\Programs\cursor\resources\app\bin;
USERNAME=HP
OS=Windows_NT
PROCESSOR_IDENTIFIER=Intel64 Family 6 Model 142 Stepping 10, GenuineIntel
TMP=C:\Users\HP\AppData\Local\Temp
TEMP=C:\Users\HP\AppData\Local\Temp




Periodic native trim disabled

---------------  S Y S T E M  ---------------

OS:
 Windows 11 , 64 bit Build 26100 (10.0.26100.3775)
OS uptime: 4 days 21:12 hours

CPU: total 8 (initial active 8) (4 cores per cpu, 2 threads per core) family 6 model 142 stepping 10 microcode 0xf6, cx8, cmov, fxsr, ht, mmx, 3dnowpref, sse, sse2, sse3, ssse3, sse4.1, sse4.2, popcnt, lzcnt, tsc, tscinvbit, avx, avx2, aes, erms, clmul, bmi1, bmi2, rtm, adx, fma, vzeroupper, clflush, clflushopt, rdtscp, f16c
Processor Information for the first 8 processors :
  Max Mhz: 1896, Current Mhz: 1696, Mhz Limit: 1687

Memory: 4k page, system-wide physical 8035M (648M free)
TotalPageFile size 12131M (AvailPageFile size 7M)
current process WorkingSet (physical memory assigned to process): 89M, peak: 92M
current process commit charge ("private bytes"): 205M, peak: 210M

vm_info: OpenJDK 64-Bit Server VM (21.0.7+6-LTS) for windows-amd64 JRE (21.0.7+6-LTS), built on 2025-04-15T00:00:00Z by "admin" with MS VC++ 17.7 (VS2022)

END.
